<?xml version="1.0" encoding="UTF-8"?>
<!-- Generated by org.testng.reporters.JUnitXMLReporter -->
<testsuite ignored="6" hostname="Indu" failures="0" tests="1" name="Default test" time="3.196" errors="0" timestamp="2023-11-30T21:48:28 CST">
  <testcase classname="com.test.scripts.SingleRepo" name="validateTestCase1" time="2.669"/>
  <testcase classname="com.test.scripts.SingleRepo" name="DeleteRepoTestCase8" time="0.0">
    <ignored/>
  </testcase> <!-- DeleteRepoTestCase8 -->
  <testcase classname="com.test.scripts.SingleRepo" name="getSingleRepoTestCase2" time="0.0">
    <ignored/>
  </testcase> <!-- getSingleRepoTestCase2 -->
  <testcase classname="com.test.scripts.SingleRepo" name="DeleteRepoTestCase7" time="0.0">
    <ignored/>
  </testcase> <!-- DeleteRepoTestCase7 -->
  <testcase classname="com.test.scripts.SingleRepo" name="updateRepoTestCase6" time="0.0">
    <ignored/>
  </testcase> <!-- updateRepoTestCase6 -->
  <testcase classname="com.test.scripts.SingleRepo" name="createRepoTestCase5" time="0.0">
    <ignored/>
  </testcase> <!-- createRepoTestCase5 -->
  <testcase classname="com.test.scripts.SingleRepo" name="createRepoTestCase4" time="0.0">
    <ignored/>
  </testcase> <!-- createRepoTestCase4 -->
</testsuite> <!-- Default test -->
