<?xml version="1.0" encoding="UTF-8"?>
<testng-results ignored="0" total="1" passed="1" failed="0" skipped="0">
  <reporter-output>
  </reporter-output>
  <suite started-at="2023-11-30T21:48:25 CST" name="Default suite" finished-at="2023-11-30T21:48:28 CST" duration-ms="3196">
    <groups>
    </groups>
    <test started-at="2023-11-30T21:48:25 CST" name="Default test" finished-at="2023-11-30T21:48:28 CST" duration-ms="3196">
      <class name="com.test.scripts.SingleRepo">
        <test-method is-config="true" signature="setUp()[pri:0, instance:com.test.scripts.SingleRepo@7e07db1f]" started-at="2023-11-30T21:48:25 CST" name="setUp" finished-at="2023-11-30T21:48:25 CST" duration-ms="465" status="PASS">
          <reporter-output>
          </reporter-output>
        </test-method> <!-- setUp -->
        <test-method signature="validateTestCase1()[pri:0, instance:com.test.scripts.SingleRepo@7e07db1f]" started-at="2023-11-30T21:48:25 CST" name="validateTestCase1" finished-at="2023-11-30T21:48:28 CST" duration-ms="2669" status="PASS">
          <reporter-output>
          </reporter-output>
        </test-method> <!-- validateTestCase1 -->
      </class> <!-- com.test.scripts.SingleRepo -->
    </test> <!-- Default test -->
  </suite> <!-- Default suite -->
</testng-results>
