<?xml version="1.0" encoding="UTF-8"?>
<!-- Generated by org.testng.reporters.JUnitReportReporter -->
<testsuite hostname="Indu" failures="1" tests="1" name="com.test.scripts.RepoValidationSchema" time="2.967" errors="0" timestamp="2023-12-01T12:02:11 CST" skipped="0">
  <testcase classname="com.test.scripts.RepoValidationSchema" name="getAllReposSchema" time="2.967">
    <failure message="1 expectation failed.
Response body doesn&#039;t match expectation.
Expected: The content to match the given JSON schema.
error: object has missing required properties ([&quot;permissions&quot;])
    level: &quot;error&quot;
    schema: {&quot;loadingURI&quot;:&quot;file:/C:/Users/Nandhini/Java2023-workspace/RestAssuredGitHubAPIAutomationFramework/target/test-classes/GetAllReposSchema.json#&quot;,&quot;pointer&quot;:&quot;/items/0&quot;}
    instance: {&quot;pointer&quot;:&quot;/0&quot;}
    domain: &quot;validation&quot;
    keyword: &quot;required&quot;
    required: [&quot;allow_forking&quot;,&quot;archive_url&quot;,&quot;archived&quot;,&quot;assignees_url&quot;,&quot;blobs_url&quot;,&quot;branches_url&quot;,&quot;clone_url&quot;,&quot;collaborators_url&quot;,&quot;comments_url&quot;,&quot;commits_url&quot;,&quot;compare_url&quot;,&quot;contents_url&quot;,&quot;contributors_url&quot;,&quot;created_at&quot;,&quot;default_branch&quot;,&quot;deployments_url&quot;,&quot;description&quot;,&quot;disabled&quot;,&quot;downloads_url&quot;,&quot;events_url&quot;,&quot;fork&quot;,&quot;forks&quot;,&quot;forks_count&quot;,&quot;forks_url&quot;,&quot;full_name&quot;,&quot;git_commits_url&quot;,&quot;git_refs_url&quot;,&quot;git_tags_url&quot;,&quot;git_url&quot;,&quot;has_discussions&quot;,&quot;has_downloads&quot;,&quot;has_issues&quot;,&quot;has_pages&quot;,&quot;has_projects&quot;,&quot;has_wiki&quot;,&quot;homepage&quot;,&quot;hooks_url&quot;,&quot;html_url&quot;,&quot;id&quot;,&quot;is_template&quot;,&quot;issue_comment_url&quot;,&quot;issue_events_url&quot;,&quot;issues_url&quot;,&quot;keys_url&quot;,&quot;labels_url&quot;,&quot;language&quot;,&quot;languages_url&quot;,&quot;license&quot;,&quot;merges_url&quot;,&quot;milestones_url&quot;,&quot;mirror_url&quot;,&quot;name&quot;,&quot;node_id&quot;,&quot;notifications_url&quot;,&quot;open_issues&quot;,&quot;open_issues_count&quot;,&quot;owner&quot;,&quot;permissions&quot;,&quot;private&quot;,&quot;pulls_url&quot;,&quot;pushed_at&quot;,&quot;releases_url&quot;,&quot;size&quot;,&quot;ssh_url&quot;,&quot;stargazers_count&quot;,&quot;stargazers_url&quot;,&quot;statuses_url&quot;,&quot;subscribers_url&quot;,&quot;subscription_url&quot;,&quot;svn_url&quot;,&quot;tags_url&quot;,&quot;teams_url&quot;,&quot;topics&quot;,&quot;trees_url&quot;,&quot;updated_at&quot;,&quot;url&quot;,&quot;visibility&quot;,&quot;watchers&quot;,&quot;watchers_count&quot;,&quot;web_commit_signoff_required&quot;]
    missing: [&quot;permissions&quot;]
error: object has missing required properties ([&quot;permissions&quot;])
    level: &quot;error&quot;
    schema: {&quot;loadingURI&quot;:&quot;file:/C:/Users/Nandhini/Java2023-workspace/RestAssuredGitHubAPIAutomationFramework/target/test-classes/GetAllReposSchema.json#&quot;,&quot;pointer&quot;:&quot;/items/1&quot;}
    instance: {&quot;pointer&quot;:&quot;/1&quot;}
    domain: &quot;validation&quot;
    keyword: &quot;required&quot;
    required: [&quot;allow_forking&quot;,&quot;archive_url&quot;,&quot;archived&quot;,&quot;assignees_url&quot;,&quot;blobs_url&quot;,&quot;branches_url&quot;,&quot;clone_url&quot;,&quot;collaborators_url&quot;,&quot;comments_url&quot;,&quot;commits_url&quot;,&quot;compare_url&quot;,&quot;contents_url&quot;,&quot;contributors_url&quot;,&quot;created_at&quot;,&quot;default_branch&quot;,&quot;deployments_url&quot;,&quot;description&quot;,&quot;disabled&quot;,&quot;downloads_url&quot;,&quot;events_url&quot;,&quot;fork&quot;,&quot;forks&quot;,&quot;forks_count&quot;,&quot;forks_url&quot;,&quot;full_name&quot;,&quot;git_commits_url&quot;,&quot;git_refs_url&quot;,&quot;git_tags_url&quot;,&quot;git_url&quot;,&quot;has_discussions&quot;,&quot;has_downloads&quot;,&quot;has_issues&quot;,&quot;has_pages&quot;,&quot;has_projects&quot;,&quot;has_wiki&quot;,&quot;homepage&quot;,&quot;hooks_url&quot;,&quot;html_url&quot;,&quot;id&quot;,&quot;is_template&quot;,&quot;issue_comment_url&quot;,&quot;issue_events_url&quot;,&quot;issues_url&quot;,&quot;keys_url&quot;,&quot;labels_url&quot;,&quot;language&quot;,&quot;languages_url&quot;,&quot;license&quot;,&quot;merges_url&quot;,&quot;milestones_url&quot;,&quot;mirror_url&quot;,&quot;name&quot;,&quot;node_id&quot;,&quot;notifications_url&quot;,&quot;open_issues&quot;,&quot;open_issues_count&quot;,&quot;owner&quot;,&quot;permissions&quot;,&quot;private&quot;,&quot;pulls_url&quot;,&quot;pushed_at&quot;,&quot;releases_url&quot;,&quot;size&quot;,&quot;ssh_url&quot;,&quot;stargazers_count&quot;,&quot;stargazers_url&quot;,&quot;statuses_url&quot;,&quot;subscribers_url&quot;,&quot;subscription_url&quot;,&quot;svn_url&quot;,&quot;tags_url&quot;,&quot;teams_url&quot;,&quot;topics&quot;,&quot;trees_url&quot;,&quot;updated_at&quot;,&quot;url&quot;,&quot;visibility&quot;,&quot;watchers&quot;,&quot;watchers_count&quot;,&quot;web_commit_signoff_required&quot;]
    missing: [&quot;permissions&quot;]
error: object has missing required properties ([&quot;permissions&quot;])
    level: &quot;error&quot;
    schema: {&quot;loadingURI&quot;:&quot;file:/C:/Users/Nandhini/Java2023-workspace/RestAssuredGitHubAPIAutomationFramework/target/test-classes/GetAllReposSchema.json#&quot;,&quot;pointer&quot;:&quot;/items/2&quot;}
    instance: {&quot;pointer&quot;:&quot;/2&quot;}
    domain: &quot;validation&quot;
    keyword: &quot;required&quot;
    required: [&quot;allow_forking&quot;,&quot;archive_url&quot;,&quot;archived&quot;,&quot;assignees_url&quot;,&quot;blobs_url&quot;,&quot;branches_url&quot;,&quot;clone_url&quot;,&quot;collaborators_url&quot;,&quot;comments_url&quot;,&quot;commits_url&quot;,&quot;compare_url&quot;,&quot;contents_url&quot;,&quot;contributors_url&quot;,&quot;created_at&quot;,&quot;default_branch&quot;,&quot;deployments_url&quot;,&quot;description&quot;,&quot;disabled&quot;,&quot;downloads_url&quot;,&quot;events_url&quot;,&quot;fork&quot;,&quot;forks&quot;,&quot;forks_count&quot;,&quot;forks_url&quot;,&quot;full_name&quot;,&quot;git_commits_url&quot;,&quot;git_refs_url&quot;,&quot;git_tags_url&quot;,&quot;git_url&quot;,&quot;has_discussions&quot;,&quot;has_downloads&quot;,&quot;has_issues&quot;,&quot;has_pages&quot;,&quot;has_projects&quot;,&quot;has_wiki&quot;,&quot;homepage&quot;,&quot;hooks_url&quot;,&quot;html_url&quot;,&quot;id&quot;,&quot;is_template&quot;,&quot;issue_comment_url&quot;,&quot;issue_events_url&quot;,&quot;issues_url&quot;,&quot;keys_url&quot;,&quot;labels_url&quot;,&quot;language&quot;,&quot;languages_url&quot;,&quot;license&quot;,&quot;merges_url&quot;,&quot;milestones_url&quot;,&quot;mirror_url&quot;,&quot;name&quot;,&quot;node_id&quot;,&quot;notifications_url&quot;,&quot;open_issues&quot;,&quot;open_issues_count&quot;,&quot;owner&quot;,&quot;permissions&quot;,&quot;private&quot;,&quot;pulls_url&quot;,&quot;pushed_at&quot;,&quot;releases_url&quot;,&quot;size&quot;,&quot;ssh_url&quot;,&quot;stargazers_count&quot;,&quot;stargazers_url&quot;,&quot;statuses_url&quot;,&quot;subscribers_url&quot;,&quot;subscription_url&quot;,&quot;svn_url&quot;,&quot;tags_url&quot;,&quot;teams_url&quot;,&quot;topics&quot;,&quot;trees_url&quot;,&quot;updated_at&quot;,&quot;url&quot;,&quot;visibility&quot;,&quot;watchers&quot;,&quot;watchers_count&quot;,&quot;web_commit_signoff_required&quot;]
    missing: [&quot;permissions&quot;]
error: object has missing required properties ([&quot;permissions&quot;])
    level: &quot;error&quot;
    schema: {&quot;loadingURI&quot;:&quot;file:/C:/Users/Nandhini/Java2023-workspace/RestAssuredGitHubAPIAutomationFramework/target/test-classes/GetAllReposSchema.json#&quot;,&quot;pointer&quot;:&quot;/items/3&quot;}
    instance: {&quot;pointer&quot;:&quot;/3&quot;}
    domain: &quot;validation&quot;
    keyword: &quot;required&quot;
    required: [&quot;allow_forking&quot;,&quot;archive_url&quot;,&quot;archived&quot;,&quot;assignees_url&quot;,&quot;blobs_url&quot;,&quot;branches_url&quot;,&quot;clone_url&quot;,&quot;collaborators_url&quot;,&quot;comments_url&quot;,&quot;commits_url&quot;,&quot;compare_url&quot;,&quot;contents_url&quot;,&quot;contributors_url&quot;,&quot;created_at&quot;,&quot;default_branch&quot;,&quot;deployments_url&quot;,&quot;description&quot;,&quot;disabled&quot;,&quot;downloads_url&quot;,&quot;events_url&quot;,&quot;fork&quot;,&quot;forks&quot;,&quot;forks_count&quot;,&quot;forks_url&quot;,&quot;full_name&quot;,&quot;git_commits_url&quot;,&quot;git_refs_url&quot;,&quot;git_tags_url&quot;,&quot;git_url&quot;,&quot;has_discussions&quot;,&quot;has_downloads&quot;,&quot;has_issues&quot;,&quot;has_pages&quot;,&quot;has_projects&quot;,&quot;has_wiki&quot;,&quot;homepage&quot;,&quot;hooks_url&quot;,&quot;html_url&quot;,&quot;id&quot;,&quot;is_template&quot;,&quot;issue_comment_url&quot;,&quot;issue_events_url&quot;,&quot;issues_url&quot;,&quot;keys_url&quot;,&quot;labels_url&quot;,&quot;language&quot;,&quot;languages_url&quot;,&quot;license&quot;,&quot;merges_url&quot;,&quot;milestones_url&quot;,&quot;mirror_url&quot;,&quot;name&quot;,&quot;node_id&quot;,&quot;notifications_url&quot;,&quot;open_issues&quot;,&quot;open_issues_count&quot;,&quot;owner&quot;,&quot;permissions&quot;,&quot;private&quot;,&quot;pulls_url&quot;,&quot;pushed_at&quot;,&quot;releases_url&quot;,&quot;size&quot;,&quot;ssh_url&quot;,&quot;stargazers_count&quot;,&quot;stargazers_url&quot;,&quot;statuses_url&quot;,&quot;subscribers_url&quot;,&quot;subscription_url&quot;,&quot;svn_url&quot;,&quot;tags_url&quot;,&quot;teams_url&quot;,&quot;topics&quot;,&quot;trees_url&quot;,&quot;updated_at&quot;,&quot;url&quot;,&quot;visibility&quot;,&quot;watchers&quot;,&quot;watchers_count&quot;,&quot;web_commit_signoff_required&quot;]
    missing: [&quot;permissions&quot;]
error: object has missing required properties ([&quot;permissions&quot;])
    level: &quot;error&quot;
    schema: {&quot;loadingURI&quot;:&quot;file:/C:/Users/Nandhini/Java2023-workspace/RestAssuredGitHubAPIAutomationFramework/target/test-classes/GetAllReposSchema.json#&quot;,&quot;pointer&quot;:&quot;/items/4&quot;}
    instance: {&quot;pointer&quot;:&quot;/4&quot;}
    domain: &quot;validation&quot;
    keyword: &quot;required&quot;
    required: [&quot;allow_forking&quot;,&quot;archive_url&quot;,&quot;archived&quot;,&quot;assignees_url&quot;,&quot;blobs_url&quot;,&quot;branches_url&quot;,&quot;clone_url&quot;,&quot;collaborators_url&quot;,&quot;comments_url&quot;,&quot;commits_url&quot;,&quot;compare_url&quot;,&quot;contents_url&quot;,&quot;contributors_url&quot;,&quot;created_at&quot;,&quot;default_branch&quot;,&quot;deployments_url&quot;,&quot;description&quot;,&quot;disabled&quot;,&quot;downloads_url&quot;,&quot;events_url&quot;,&quot;fork&quot;,&quot;forks&quot;,&quot;forks_count&quot;,&quot;forks_url&quot;,&quot;full_name&quot;,&quot;git_commits_url&quot;,&quot;git_refs_url&quot;,&quot;git_tags_url&quot;,&quot;git_url&quot;,&quot;has_discussions&quot;,&quot;has_downloads&quot;,&quot;has_issues&quot;,&quot;has_pages&quot;,&quot;has_projects&quot;,&quot;has_wiki&quot;,&quot;homepage&quot;,&quot;hooks_url&quot;,&quot;html_url&quot;,&quot;id&quot;,&quot;is_template&quot;,&quot;issue_comment_url&quot;,&quot;issue_events_url&quot;,&quot;issues_url&quot;,&quot;keys_url&quot;,&quot;labels_url&quot;,&quot;language&quot;,&quot;languages_url&quot;,&quot;license&quot;,&quot;merges_url&quot;,&quot;milestones_url&quot;,&quot;mirror_url&quot;,&quot;name&quot;,&quot;node_id&quot;,&quot;notifications_url&quot;,&quot;open_issues&quot;,&quot;open_issues_count&quot;,&quot;owner&quot;,&quot;permissions&quot;,&quot;private&quot;,&quot;pulls_url&quot;,&quot;pushed_at&quot;,&quot;releases_url&quot;,&quot;size&quot;,&quot;ssh_url&quot;,&quot;stargazers_count&quot;,&quot;stargazers_url&quot;,&quot;statuses_url&quot;,&quot;subscribers_url&quot;,&quot;subscription_url&quot;,&quot;svn_url&quot;,&quot;tags_url&quot;,&quot;teams_url&quot;,&quot;topics&quot;,&quot;trees_url&quot;,&quot;updated_at&quot;,&quot;url&quot;,&quot;visibility&quot;,&quot;watchers&quot;,&quot;watchers_count&quot;,&quot;web_commit_signoff_required&quot;]
    missing: [&quot;permissions&quot;]
error: object has missing required properties ([&quot;permissions&quot;])
    level: &quot;error&quot;
    schema: {&quot;loadingURI&quot;:&quot;file:/C:/Users/Nandhini/Java2023-workspace/RestAssuredGitHubAPIAutomationFramework/target/test-classes/GetAllReposSchema.json#&quot;,&quot;pointer&quot;:&quot;/items/5&quot;}
    instance: {&quot;pointer&quot;:&quot;/5&quot;}
    domain: &quot;validation&quot;
    keyword: &quot;required&quot;
    required: [&quot;allow_forking&quot;,&quot;archive_url&quot;,&quot;archived&quot;,&quot;assignees_url&quot;,&quot;blobs_url&quot;,&quot;branches_url&quot;,&quot;clone_url&quot;,&quot;collaborators_url&quot;,&quot;comments_url&quot;,&quot;commits_url&quot;,&quot;compare_url&quot;,&quot;contents_url&quot;,&quot;contributors_url&quot;,&quot;created_at&quot;,&quot;default_branch&quot;,&quot;deployments_url&quot;,&quot;description&quot;,&quot;disabled&quot;,&quot;downloads_url&quot;,&quot;events_url&quot;,&quot;fork&quot;,&quot;forks&quot;,&quot;forks_count&quot;,&quot;forks_url&quot;,&quot;full_name&quot;,&quot;git_commits_url&quot;,&quot;git_refs_url&quot;,&quot;git_tags_url&quot;,&quot;git_url&quot;,&quot;has_discussions&quot;,&quot;has_downloads&quot;,&quot;has_issues&quot;,&quot;has_pages&quot;,&quot;has_projects&quot;,&quot;has_wiki&quot;,&quot;homepage&quot;,&quot;hooks_url&quot;,&quot;html_url&quot;,&quot;id&quot;,&quot;is_template&quot;,&quot;issue_comment_url&quot;,&quot;issue_events_url&quot;,&quot;issues_url&quot;,&quot;keys_url&quot;,&quot;labels_url&quot;,&quot;language&quot;,&quot;languages_url&quot;,&quot;license&quot;,&quot;merges_url&quot;,&quot;milestones_url&quot;,&quot;mirror_url&quot;,&quot;name&quot;,&quot;node_id&quot;,&quot;notifications_url&quot;,&quot;open_issues&quot;,&quot;open_issues_count&quot;,&quot;owner&quot;,&quot;permissions&quot;,&quot;private&quot;,&quot;pulls_url&quot;,&quot;pushed_at&quot;,&quot;releases_url&quot;,&quot;size&quot;,&quot;ssh_url&quot;,&quot;stargazers_count&quot;,&quot;stargazers_url&quot;,&quot;statuses_url&quot;,&quot;subscribers_url&quot;,&quot;subscription_url&quot;,&quot;svn_url&quot;,&quot;tags_url&quot;,&quot;teams_url&quot;,&quot;topics&quot;,&quot;trees_url&quot;,&quot;updated_at&quot;,&quot;url&quot;,&quot;visibility&quot;,&quot;watchers&quot;,&quot;watchers_count&quot;,&quot;web_commit_signoff_required&quot;]
    missing: [&quot;permissions&quot;]

  Actual: [{&quot;id&quot;:725881818,&quot;node_id&quot;:&quot;R_kgDOK0QT2g&quot;,&quot;name&quot;:&quot;GITHubAPI&quot;,&quot;full_name&quot;:&quot;indu1709/GITHubAPI&quot;,&quot;private&quot;:false,&quot;owner&quot;:{&quot;login&quot;:&quot;indu1709&quot;,&quot;id&quot;:149007941,&quot;node_id&quot;:&quot;U_kgDOCOGuRQ&quot;,&quot;avatar_url&quot;:&quot;https://avatars.githubusercontent.com/u/149007941?v=4&quot;,&quot;gravatar_id&quot;:&quot;&quot;,&quot;url&quot;:&quot;https://api.github.com/users/indu1709&quot;,&quot;html_url&quot;:&quot;https://github.com/indu1709&quot;,&quot;followers_url&quot;:&quot;https://api.github.com/users/indu1709/followers&quot;,&quot;following_url&quot;:&quot;https://api.github.com/users/indu1709/following{/other_user}&quot;,&quot;gists_url&quot;:&quot;https://api.github.com/users/indu1709/gists{/gist_id}&quot;,&quot;starred_url&quot;:&quot;https://api.github.com/users/indu1709/starred{/owner}{/repo}&quot;,&quot;subscriptions_url&quot;:&quot;https://api.github.com/users/indu1709/subscriptions&quot;,&quot;organizations_url&quot;:&quot;https://api.github.com/users/indu1709/orgs&quot;,&quot;repos_url&quot;:&quot;https://api.github.com/users/indu1709/repos&quot;,&quot;events_url&quot;:&quot;https://api.github.com/users/indu1709/events{/privacy}&quot;,&quot;received_events_url&quot;:&quot;https://api.github.com/users/indu1709/received_events&quot;,&quot;type&quot;:&quot;User&quot;,&quot;site_admin&quot;:false},&quot;html_url&quot;:&quot;https://github.com/indu1709/GITHubAPI&quot;,&quot;description&quot;:null,&quot;fork&quot;:false,&quot;url&quot;:&quot;https://api.github.com/repos/indu1709/GITHubAPI&quot;,&quot;forks_url&quot;:&quot;https://api.github.com/repos/indu1709/GITHubAPI/forks&quot;,&quot;keys_url&quot;:&quot;https://api.github.com/repos/indu1709/GITHubAPI/keys{/key_id}&quot;,&quot;collaborators_url&quot;:&quot;https://api.github.com/repos/indu1709/GITHubAPI/collaborators{/collaborator}&quot;,&quot;teams_url&quot;:&quot;https://api.github.com/repos/indu1709/GITHubAPI/teams&quot;,&quot;hooks_url&quot;:&quot;https://api.github.com/repos/indu1709/GITHubAPI/hooks&quot;,&quot;issue_events_url&quot;:&quot;https://api.github.com/repos/indu1709/GITHubAPI/issues/events{/number}&quot;,&quot;events_url&quot;:&quot;https://api.github.com/repos/indu1709/GITHubAPI/events&quot;,&quot;assignees_url&quot;:&quot;https://api.github.com/repos/indu1709/GITHubAPI/assignees{/user}&quot;,&quot;branches_url&quot;:&quot;https://api.github.com/repos/indu1709/GITHubAPI/branches{/branch}&quot;,&quot;tags_url&quot;:&quot;https://api.github.com/repos/indu1709/GITHubAPI/tags&quot;,&quot;blobs_url&quot;:&quot;https://api.github.com/repos/indu1709/GITHubAPI/git/blobs{/sha}&quot;,&quot;git_tags_url&quot;:&quot;https://api.github.com/repos/indu1709/GITHubAPI/git/tags{/sha}&quot;,&quot;git_refs_url&quot;:&quot;https://api.github.com/repos/indu1709/GITHubAPI/git/refs{/sha}&quot;,&quot;trees_url&quot;:&quot;https://api.github.com/repos/indu1709/GITHubAPI/git/trees{/sha}&quot;,&quot;statuses_url&quot;:&quot;https://api.github.com/repos/indu1709/GITHubAPI/statuses/{sha}&quot;,&quot;languages_url&quot;:&quot;https://api.github.com/repos/indu1709/GITHubAPI/languages&quot;,&quot;stargazers_url&quot;:&quot;https://api.github.com/repos/indu1709/GITHubAPI/stargazers&quot;,&quot;contributors_url&quot;:&quot;https://api.github.com/repos/indu1709/GITHubAPI/contributors&quot;,&quot;subscribers_url&quot;:&quot;https://api.github.com/repos/indu1709/GITHubAPI/subscribers&quot;,&quot;subscription_url&quot;:&quot;https://api.github.com/repos/indu1709/GITHubAPI/subscription&quot;,&quot;commits_url&quot;:&quot;https://api.github.com/repos/indu1709/GITHubAPI/commits{/sha}&quot;,&quot;git_commits_url&quot;:&quot;https://api.github.com/repos/indu1709/GITHubAPI/git/commits{/sha}&quot;,&quot;comments_url&quot;:&quot;https://api.github.com/repos/indu1709/GITHubAPI/comments{/number}&quot;,&quot;issue_comment_url&quot;:&quot;https://api.github.com/repos/indu1709/GITHubAPI/issues/comments{/number}&quot;,&quot;contents_url&quot;:&quot;https://api.github.com/repos/indu1709/GITHubAPI/contents/{+path}&quot;,&quot;compare_url&quot;:&quot;https://api.github.com/repos/indu1709/GITHubAPI/compare/{base}...{head}&quot;,&quot;merges_url&quot;:&quot;https://api.github.com/repos/indu1709/GITHubAPI/merges&quot;,&quot;archive_url&quot;:&quot;https://api.github.com/repos/indu1709/GITHubAPI/{archive_format}{/ref}&quot;,&quot;downloads_url&quot;:&quot;https://api.github.com/repos/indu1709/GITHubAPI/downloads&quot;,&quot;issues_url&quot;:&quot;https://api.github.com/repos/indu1709/GITHubAPI/issues{/number}&quot;,&quot;pulls_url&quot;:&quot;https://api.github.com/repos/indu1709/GITHubAPI/pulls{/number}&quot;,&quot;milestones_url&quot;:&quot;https://api.github.com/repos/indu1709/GITHubAPI/milestones{/number}&quot;,&quot;notifications_url&quot;:&quot;https://api.github.com/repos/indu1709/GITHubAPI/notifications{?since,all,participating}&quot;,&quot;labels_url&quot;:&quot;https://api.github.com/repos/indu1709/GITHubAPI/labels{/name}&quot;,&quot;releases_url&quot;:&quot;https://api.github.com/repos/indu1709/GITHubAPI/releases{/id}&quot;,&quot;deployments_url&quot;:&quot;https://api.github.com/repos/indu1709/GITHubAPI/deployments&quot;,&quot;created_at&quot;:&quot;2023-12-01T04:09:51Z&quot;,&quot;updated_at&quot;:&quot;2023-12-01T04:49:29Z&quot;,&quot;pushed_at&quot;:&quot;2023-12-01T04:49:25Z&quot;,&quot;git_url&quot;:&quot;git://github.com/indu1709/GITHubAPI.git&quot;,&quot;ssh_url&quot;:&quot;git@github.com:indu1709/GITHubAPI.git&quot;,&quot;clone_url&quot;:&quot;https://github.com/indu1709/GITHubAPI.git&quot;,&quot;svn_url&quot;:&quot;https://github.com/indu1709/GITHubAPI&quot;,&quot;homepage&quot;:null,&quot;size&quot;:63,&quot;stargazers_count&quot;:0,&quot;watchers_count&quot;:0,&quot;language&quot;:&quot;HTML&quot;,&quot;has_issues&quot;:true,&quot;has_projects&quot;:true,&quot;has_downloads&quot;:true,&quot;has_wiki&quot;:true,&quot;has_pages&quot;:false,&quot;has_discussions&quot;:false,&quot;forks_count&quot;:0,&quot;mirror_url&quot;:null,&quot;archived&quot;:false,&quot;disabled&quot;:false,&quot;open_issues_count&quot;:0,&quot;license&quot;:null,&quot;allow_forking&quot;:true,&quot;is_template&quot;:false,&quot;web_commit_signoff_required&quot;:false,&quot;topics&quot;:[],&quot;visibility&quot;:&quot;public&quot;,&quot;forks&quot;:0,&quot;open_issues&quot;:0,&quot;watchers&quot;:0,&quot;default_branch&quot;:&quot;master&quot;},{&quot;id&quot;:714496175,&quot;node_id&quot;:&quot;R_kgDOKpZYrw&quot;,&quot;name&quot;:&quot;SeleniumSalesforceAutomationCucumberFramework&quot;,&quot;full_name&quot;:&quot;indu1709/SeleniumSalesforceAutomationCucumberFramework&quot;,&quot;private&quot;:false,&quot;owner&quot;:{&quot;login&quot;:&quot;indu1709&quot;,&quot;id&quot;:149007941,&quot;node_id&quot;:&quot;U_kgDOCOGuRQ&quot;,&quot;avatar_url&quot;:&quot;https://avatars.githubusercontent.com/u/149007941?v=4&quot;,&quot;gravatar_id&quot;:&quot;&quot;,&quot;url&quot;:&quot;https://api.github.com/users/indu1709&quot;,&quot;html_url&quot;:&quot;https://github.com/indu1709&quot;,&quot;followers_url&quot;:&quot;https://api.github.com/users/indu1709/followers&quot;,&quot;following_url&quot;:&quot;https://api.github.com/users/indu1709/following{/other_user}&quot;,&quot;gists_url&quot;:&quot;https://api.github.com/users/indu1709/gists{/gist_id}&quot;,&quot;starred_url&quot;:&quot;https://api.github.com/users/indu1709/starred{/owner}{/repo}&quot;,&quot;subscriptions_url&quot;:&quot;https://api.github.com/users/indu1709/subscriptions&quot;,&quot;organizations_url&quot;:&quot;https://api.github.com/users/indu1709/orgs&quot;,&quot;repos_url&quot;:&quot;https://api.github.com/users/indu1709/repos&quot;,&quot;events_url&quot;:&quot;https://api.github.com/users/indu1709/events{/privacy}&quot;,&quot;received_events_url&quot;:&quot;https://api.github.com/users/indu1709/received_events&quot;,&quot;type&quot;:&quot;User&quot;,&quot;site_admin&quot;:false},&quot;html_url&quot;:&quot;https://github.com/indu1709/SeleniumSalesforceAutomationCucumberFramework&quot;,&quot;description&quot;:&quot;Salesforce Login page with cucumber Framework&quot;,&quot;fork&quot;:false,&quot;url&quot;:&quot;https://api.github.com/repos/indu1709/SeleniumSalesforceAutomationCucumberFramework&quot;,&quot;forks_url&quot;:&quot;https://api.github.com/repos/indu1709/SeleniumSalesforceAutomationCucumberFramework/forks&quot;,&quot;keys_url&quot;:&quot;https://api.github.com/repos/indu1709/SeleniumSalesforceAutomationCucumberFramework/keys{/key_id}&quot;,&quot;collaborators_url&quot;:&quot;https://api.github.com/repos/indu1709/SeleniumSalesforceAutomationCucumberFramework/collaborators{/collaborator}&quot;,&quot;teams_url&quot;:&quot;https://api.github.com/repos/indu1709/SeleniumSalesforceAutomationCucumberFramework/teams&quot;,&quot;hooks_url&quot;:&quot;https://api.github.com/repos/indu1709/SeleniumSalesforceAutomationCucumberFramework/hooks&quot;,&quot;issue_events_url&quot;:&quot;https://api.github.com/repos/indu1709/SeleniumSalesforceAutomationCucumberFramework/issues/events{/number}&quot;,&quot;events_url&quot;:&quot;https://api.github.com/repos/indu1709/SeleniumSalesforceAutomationCucumberFramework/events&quot;,&quot;assignees_url&quot;:&quot;https://api.github.com/repos/indu1709/SeleniumSalesforceAutomationCucumberFramework/assignees{/user}&quot;,&quot;branches_url&quot;:&quot;https://api.github.com/repos/indu1709/SeleniumSalesforceAutomationCucumberFramework/branches{/branch}&quot;,&quot;tags_url&quot;:&quot;https://api.github.com/repos/indu1709/SeleniumSalesforceAutomationCucumberFramework/tags&quot;,&quot;blobs_url&quot;:&quot;https://api.github.com/repos/indu1709/SeleniumSalesforceAutomationCucumberFramework/git/blobs{/sha}&quot;,&quot;git_tags_url&quot;:&quot;https://api.github.com/repos/indu1709/SeleniumSalesforceAutomationCucumberFramework/git/tags{/sha}&quot;,&quot;git_refs_url&quot;:&quot;https://api.github.com/repos/indu1709/SeleniumSalesforceAutomationCucumberFramework/git/refs{/sha}&quot;,&quot;trees_url&quot;:&quot;https://api.github.com/repos/indu1709/SeleniumSalesforceAutomationCucumberFramework/git/trees{/sha}&quot;,&quot;statuses_url&quot;:&quot;https://api.github.com/repos/indu1709/SeleniumSalesforceAutomationCucumberFramework/statuses/{sha}&quot;,&quot;languages_url&quot;:&quot;https://api.github.com/repos/indu1709/SeleniumSalesforceAutomationCucumberFramework/languages&quot;,&quot;stargazers_url&quot;:&quot;https://api.github.com/repos/indu1709/SeleniumSalesforceAutomationCucumberFramework/stargazers&quot;,&quot;contributors_url&quot;:&quot;https://api.github.com/repos/indu1709/SeleniumSalesforceAutomationCucumberFramework/contributors&quot;,&quot;subscribers_url&quot;:&quot;https://api.github.com/repos/indu1709/SeleniumSalesforceAutomationCucumberFramework/subscribers&quot;,&quot;subscription_url&quot;:&quot;https://api.github.com/repos/indu1709/SeleniumSalesforceAutomationCucumberFramework/subscription&quot;,&quot;commits_url&quot;:&quot;https://api.github.com/repos/indu1709/SeleniumSalesforceAutomationCucumberFramework/commits{/sha}&quot;,&quot;git_commits_url&quot;:&quot;https://api.github.com/repos/indu1709/SeleniumSalesforceAutomationCucumberFramework/git/commits{/sha}&quot;,&quot;comments_url&quot;:&quot;https://api.github.com/repos/indu1709/SeleniumSalesforceAutomationCucumberFramework/comments{/number}&quot;,&quot;issue_comment_url&quot;:&quot;https://api.github.com/repos/indu1709/SeleniumSalesforceAutomationCucumberFramework/issues/comments{/number}&quot;,&quot;contents_url&quot;:&quot;https://api.github.com/repos/indu1709/SeleniumSalesforceAutomationCucumberFramework/contents/{+path}&quot;,&quot;compare_url&quot;:&quot;https://api.github.com/repos/indu1709/SeleniumSalesforceAutomationCucumberFramework/compare/{base}...{head}&quot;,&quot;merges_url&quot;:&quot;https://api.github.com/repos/indu1709/SeleniumSalesforceAutomationCucumberFramework/merges&quot;,&quot;archive_url&quot;:&quot;https://api.github.com/repos/indu1709/SeleniumSalesforceAutomationCucumberFramework/{archive_format}{/ref}&quot;,&quot;downloads_url&quot;:&quot;https://api.github.com/repos/indu1709/SeleniumSalesforceAutomationCucumberFramework/downloads&quot;,&quot;issues_url&quot;:&quot;https://api.github.com/repos/indu1709/SeleniumSalesforceAutomationCucumberFramework/issues{/number}&quot;,&quot;pulls_url&quot;:&quot;https://api.github.com/repos/indu1709/SeleniumSalesforceAutomationCucumberFramework/pulls{/number}&quot;,&quot;milestones_url&quot;:&quot;https://api.github.com/repos/indu1709/SeleniumSalesforceAutomationCucumberFramework/milestones{/number}&quot;,&quot;notifications_url&quot;:&quot;https://api.github.com/repos/indu1709/SeleniumSalesforceAutomationCucumberFramework/notifications{?since,all,participating}&quot;,&quot;labels_url&quot;:&quot;https://api.github.com/repos/indu1709/SeleniumSalesforceAutomationCucumberFramework/labels{/name}&quot;,&quot;releases_url&quot;:&quot;https://api.github.com/repos/indu1709/SeleniumSalesforceAutomationCucumberFramework/releases{/id}&quot;,&quot;deployments_url&quot;:&quot;https://api.github.com/repos/indu1709/SeleniumSalesforceAutomationCucumberFramework/deployments&quot;,&quot;created_at&quot;:&quot;2023-11-05T02:38:52Z&quot;,&quot;updated_at&quot;:&quot;2023-11-05T02:46:46Z&quot;,&quot;pushed_at&quot;:&quot;2023-11-05T02:46:41Z&quot;,&quot;git_url&quot;:&quot;git://github.com/indu1709/SeleniumSalesforceAutomationCucumberFramework.git&quot;,&quot;ssh_url&quot;:&quot;git@github.com:indu1709/SeleniumSalesforceAutomationCucumberFramework.git&quot;,&quot;clone_url&quot;:&quot;https://github.com/indu1709/SeleniumSalesforceAutomationCucumberFramework.git&quot;,&quot;svn_url&quot;:&quot;https://github.com/indu1709/SeleniumSalesforceAutomationCucumberFramework&quot;,&quot;homepage&quot;:null,&quot;size&quot;:699,&quot;stargazers_count&quot;:0,&quot;watchers_count&quot;:0,&quot;language&quot;:&quot;HTML&quot;,&quot;has_issues&quot;:true,&quot;has_projects&quot;:true,&quot;has_downloads&quot;:true,&quot;has_wiki&quot;:true,&quot;has_pages&quot;:false,&quot;has_discussions&quot;:false,&quot;forks_count&quot;:0,&quot;mirror_url&quot;:null,&quot;archived&quot;:false,&quot;disabled&quot;:false,&quot;open_issues_count&quot;:0,&quot;license&quot;:null,&quot;allow_forking&quot;:true,&quot;is_template&quot;:false,&quot;web_commit_signoff_required&quot;:false,&quot;topics&quot;:[],&quot;visibility&quot;:&quot;public&quot;,&quot;forks&quot;:0,&quot;open_issues&quot;:0,&quot;watchers&quot;:0,&quot;default_branch&quot;:&quot;master&quot;},{&quot;id&quot;:717197247,&quot;node_id&quot;:&quot;R_kgDOKr-Pvw&quot;,&quot;name&quot;:&quot;SeleniumSalesforceAutomationwithPOM&quot;,&quot;full_name&quot;:&quot;indu1709/SeleniumSalesforceAutomationwithPOM&quot;,&quot;private&quot;:false,&quot;owner&quot;:{&quot;login&quot;:&quot;indu1709&quot;,&quot;id&quot;:149007941,&quot;node_id&quot;:&quot;U_kgDOCOGuRQ&quot;,&quot;avatar_url&quot;:&quot;https://avatars.githubusercontent.com/u/149007941?v=4&quot;,&quot;gravatar_id&quot;:&quot;&quot;,&quot;url&quot;:&quot;https://api.github.com/users/indu1709&quot;,&quot;html_url&quot;:&quot;https://github.com/indu1709&quot;,&quot;followers_url&quot;:&quot;https://api.github.com/users/indu1709/followers&quot;,&quot;following_url&quot;:&quot;https://api.github.com/users/indu1709/following{/other_user}&quot;,&quot;gists_url&quot;:&quot;https://api.github.com/users/indu1709/gists{/gist_id}&quot;,&quot;starred_url&quot;:&quot;https://api.github.com/users/indu1709/starred{/owner}{/repo}&quot;,&quot;subscriptions_url&quot;:&quot;https://api.github.com/users/indu1709/subscriptions&quot;,&quot;organizations_url&quot;:&quot;https://api.github.com/users/indu1709/orgs&quot;,&quot;repos_url&quot;:&quot;https://api.github.com/users/indu1709/repos&quot;,&quot;events_url&quot;:&quot;https://api.github.com/users/indu1709/events{/privacy}&quot;,&quot;received_events_url&quot;:&quot;https://api.github.com/users/indu1709/received_events&quot;,&quot;type&quot;:&quot;User&quot;,&quot;site_admin&quot;:false},&quot;html_url&quot;:&quot;https://github.com/indu1709/SeleniumSalesforceAutomationwithPOM&quot;,&quot;description&quot;:&quot;SeleniumSalesforceAutomationwithPOMFramework&quot;,&quot;fork&quot;:false,&quot;url&quot;:&quot;https://api.github.com/repos/indu1709/SeleniumSalesforceAutomationwithPOM&quot;,&quot;forks_url&quot;:&quot;https://api.github.com/repos/indu1709/SeleniumSalesforceAutomationwithPOM/forks&quot;,&quot;keys_url&quot;:&quot;https://api.github.com/repos/indu1709/SeleniumSalesforceAutomationwithPOM/keys{/key_id}&quot;,&quot;collaborators_url&quot;:&quot;https://api.github.com/repos/indu1709/SeleniumSalesforceAutomationwithPOM/collaborators{/collaborator}&quot;,&quot;teams_url&quot;:&quot;https://api.github.com/repos/indu1709/SeleniumSalesforceAutomationwithPOM/teams&quot;,&quot;hooks_url&quot;:&quot;https://api.github.com/repos/indu1709/SeleniumSalesforceAutomationwithPOM/hooks&quot;,&quot;issue_events_url&quot;:&quot;https://api.github.com/repos/indu1709/SeleniumSalesforceAutomationwithPOM/issues/events{/number}&quot;,&quot;events_url&quot;:&quot;https://api.github.com/repos/indu1709/SeleniumSalesforceAutomationwithPOM/events&quot;,&quot;assignees_url&quot;:&quot;https://api.github.com/repos/indu1709/SeleniumSalesforceAutomationwithPOM/assignees{/user}&quot;,&quot;branches_url&quot;:&quot;https://api.github.com/repos/indu1709/SeleniumSalesforceAutomationwithPOM/branches{/branch}&quot;,&quot;tags_url&quot;:&quot;https://api.github.com/repos/indu1709/SeleniumSalesforceAutomationwithPOM/tags&quot;,&quot;blobs_url&quot;:&quot;https://api.github.com/repos/indu1709/SeleniumSalesforceAutomationwithPOM/git/blobs{/sha}&quot;,&quot;git_tags_url&quot;:&quot;https://api.github.com/repos/indu1709/SeleniumSalesforceAutomationwithPOM/git/tags{/sha}&quot;,&quot;git_refs_url&quot;:&quot;https://api.github.com/repos/indu1709/SeleniumSalesforceAutomationwithPOM/git/refs{/sha}&quot;,&quot;trees_url&quot;:&quot;https://api.github.com/repos/indu1709/SeleniumSalesforceAutomationwithPOM/git/trees{/sha}&quot;,&quot;statuses_url&quot;:&quot;https://api.github.com/repos/indu1709/SeleniumSalesforceAutomationwithPOM/statuses/{sha}&quot;,&quot;languages_url&quot;:&quot;https://api.github.com/repos/indu1709/SeleniumSalesforceAutomationwithPOM/languages&quot;,&quot;stargazers_url&quot;:&quot;https://api.github.com/repos/indu1709/SeleniumSalesforceAutomationwithPOM/stargazers&quot;,&quot;contributors_url&quot;:&quot;https://api.github.com/repos/indu1709/SeleniumSalesforceAutomationwithPOM/contributors&quot;,&quot;subscribers_url&quot;:&quot;https://api.github.com/repos/indu1709/SeleniumSalesforceAutomationwithPOM/subscribers&quot;,&quot;subscription_url&quot;:&quot;https://api.github.com/repos/indu1709/SeleniumSalesforceAutomationwithPOM/subscription&quot;,&quot;commits_url&quot;:&quot;https://api.github.com/repos/indu1709/SeleniumSalesforceAutomationwithPOM/commits{/sha}&quot;,&quot;git_commits_url&quot;:&quot;https://api.github.com/repos/indu1709/SeleniumSalesforceAutomationwithPOM/git/commits{/sha}&quot;,&quot;comments_url&quot;:&quot;https://api.github.com/repos/indu1709/SeleniumSalesforceAutomationwithPOM/comments{/number}&quot;,&quot;issue_comment_url&quot;:&quot;https://api.github.com/repos/indu1709/SeleniumSalesforceAutomationwithPOM/issues/comments{/number}&quot;,&quot;contents_url&quot;:&quot;https://api.github.com/repos/indu1709/SeleniumSalesforceAutomationwithPOM/contents/{+path}&quot;,&quot;compare_url&quot;:&quot;https://api.github.com/repos/indu1709/SeleniumSalesforceAutomationwithPOM/compare/{base}...{head}&quot;,&quot;merges_url&quot;:&quot;https://api.github.com/repos/indu1709/SeleniumSalesforceAutomationwithPOM/merges&quot;,&quot;archive_url&quot;:&quot;https://api.github.com/repos/indu1709/SeleniumSalesforceAutomationwithPOM/{archive_format}{/ref}&quot;,&quot;downloads_url&quot;:&quot;https://api.github.com/repos/indu1709/SeleniumSalesforceAutomationwithPOM/downloads&quot;,&quot;issues_url&quot;:&quot;https://api.github.com/repos/indu1709/SeleniumSalesforceAutomationwithPOM/issues{/number}&quot;,&quot;pulls_url&quot;:&quot;https://api.github.com/repos/indu1709/SeleniumSalesforceAutomationwithPOM/pulls{/number}&quot;,&quot;milestones_url&quot;:&quot;https://api.github.com/repos/indu1709/SeleniumSalesforceAutomationwithPOM/milestones{/number}&quot;,&quot;notifications_url&quot;:&quot;https://api.github.com/repos/indu1709/SeleniumSalesforceAutomationwithPOM/notifications{?since,all,participating}&quot;,&quot;labels_url&quot;:&quot;https://api.github.com/repos/indu1709/SeleniumSalesforceAutomationwithPOM/labels{/name}&quot;,&quot;releases_url&quot;:&quot;https://api.github.com/repos/indu1709/SeleniumSalesforceAutomationwithPOM/releases{/id}&quot;,&quot;deployments_url&quot;:&quot;https://api.github.com/repos/indu1709/SeleniumSalesforceAutomationwithPOM/deployments&quot;,&quot;created_at&quot;:&quot;2023-11-10T19:33:35Z&quot;,&quot;updated_at&quot;:&quot;2023-11-10T19:39:07Z&quot;,&quot;pushed_at&quot;:&quot;2023-11-10T19:39:03Z&quot;,&quot;git_url&quot;:&quot;git://github.com/indu1709/SeleniumSalesforceAutomationwithPOM.git&quot;,&quot;ssh_url&quot;:&quot;git@github.com:indu1709/SeleniumSalesforceAutomationwithPOM.git&quot;,&quot;clone_url&quot;:&quot;https://github.com/indu1709/SeleniumSalesforceAutomationwithPOM.git&quot;,&quot;svn_url&quot;:&quot;https://github.com/indu1709/SeleniumSalesforceAutomationwithPOM&quot;,&quot;homepage&quot;:null,&quot;size&quot;:97,&quot;stargazers_count&quot;:0,&quot;watchers_count&quot;:0,&quot;language&quot;:&quot;Java&quot;,&quot;has_issues&quot;:true,&quot;has_projects&quot;:true,&quot;has_downloads&quot;:true,&quot;has_wiki&quot;:true,&quot;has_pages&quot;:false,&quot;has_discussions&quot;:false,&quot;forks_count&quot;:0,&quot;mirror_url&quot;:null,&quot;archived&quot;:false,&quot;disabled&quot;:false,&quot;open_issues_count&quot;:0,&quot;license&quot;:null,&quot;allow_forking&quot;:true,&quot;is_template&quot;:false,&quot;web_commit_signoff_required&quot;:false,&quot;topics&quot;:[],&quot;visibility&quot;:&quot;public&quot;,&quot;forks&quot;:0,&quot;open_issues&quot;:0,&quot;watchers&quot;:0,&quot;default_branch&quot;:&quot;master&quot;},{&quot;id&quot;:710380833,&quot;node_id&quot;:&quot;R_kgDOKleNIQ&quot;,&quot;name&quot;:&quot;sep2023&quot;,&quot;full_name&quot;:&quot;indu1709/sep2023&quot;,&quot;private&quot;:false,&quot;owner&quot;:{&quot;login&quot;:&quot;indu1709&quot;,&quot;id&quot;:149007941,&quot;node_id&quot;:&quot;U_kgDOCOGuRQ&quot;,&quot;avatar_url&quot;:&quot;https://avatars.githubusercontent.com/u/149007941?v=4&quot;,&quot;gravatar_id&quot;:&quot;&quot;,&quot;url&quot;:&quot;https://api.github.com/users/indu1709&quot;,&quot;html_url&quot;:&quot;https://github.com/indu1709&quot;,&quot;followers_url&quot;:&quot;https://api.github.com/users/indu1709/followers&quot;,&quot;following_url&quot;:&quot;https://api.github.com/users/indu1709/following{/other_user}&quot;,&quot;gists_url&quot;:&quot;https://api.github.com/users/indu1709/gists{/gist_id}&quot;,&quot;starred_url&quot;:&quot;https://api.github.com/users/indu1709/starred{/owner}{/repo}&quot;,&quot;subscriptions_url&quot;:&quot;https://api.github.com/users/indu1709/subscriptions&quot;,&quot;organizations_url&quot;:&quot;https://api.github.com/users/indu1709/orgs&quot;,&quot;repos_url&quot;:&quot;https://api.github.com/users/indu1709/repos&quot;,&quot;events_url&quot;:&quot;https://api.github.com/users/indu1709/events{/privacy}&quot;,&quot;received_events_url&quot;:&quot;https://api.github.com/users/indu1709/received_events&quot;,&quot;type&quot;:&quot;User&quot;,&quot;site_admin&quot;:false},&quot;html_url&quot;:&quot;https://github.com/indu1709/sep2023&quot;,&quot;description&quot;:null,&quot;fork&quot;:false,&quot;url&quot;:&quot;https://api.github.com/repos/indu1709/sep2023&quot;,&quot;forks_url&quot;:&quot;https://api.github.com/repos/indu1709/sep2023/forks&quot;,&quot;keys_url&quot;:&quot;https://api.github.com/repos/indu1709/sep2023/keys{/key_id}&quot;,&quot;collaborators_url&quot;:&quot;https://api.github.com/repos/indu1709/sep2023/collaborators{/collaborator}&quot;,&quot;teams_url&quot;:&quot;https://api.github.com/repos/indu1709/sep2023/teams&quot;,&quot;hooks_url&quot;:&quot;https://api.github.com/repos/indu1709/sep2023/hooks&quot;,&quot;issue_events_url&quot;:&quot;https://api.github.com/repos/indu1709/sep2023/issues/events{/number}&quot;,&quot;events_url&quot;:&quot;https://api.github.com/repos/indu1709/sep2023/events&quot;,&quot;assignees_url&quot;:&quot;https://api.github.com/repos/indu1709/sep2023/assignees{/user}&quot;,&quot;branches_url&quot;:&quot;https://api.github.com/repos/indu1709/sep2023/branches{/branch}&quot;,&quot;tags_url&quot;:&quot;https://api.github.com/repos/indu1709/sep2023/tags&quot;,&quot;blobs_url&quot;:&quot;https://api.github.com/repos/indu1709/sep2023/git/blobs{/sha}&quot;,&quot;git_tags_url&quot;:&quot;https://api.github.com/repos/indu1709/sep2023/git/tags{/sha}&quot;,&quot;git_refs_url&quot;:&quot;https://api.github.com/repos/indu1709/sep2023/git/refs{/sha}&quot;,&quot;trees_url&quot;:&quot;https://api.github.com/repos/indu1709/sep2023/git/trees{/sha}&quot;,&quot;statuses_url&quot;:&quot;https://api.github.com/repos/indu1709/sep2023/statuses/{sha}&quot;,&quot;languages_url&quot;:&quot;https://api.github.com/repos/indu1709/sep2023/languages&quot;,&quot;stargazers_url&quot;:&quot;https://api.github.com/repos/indu1709/sep2023/stargazers&quot;,&quot;contributors_url&quot;:&quot;https://api.github.com/repos/indu1709/sep2023/contributors&quot;,&quot;subscribers_url&quot;:&quot;https://api.github.com/repos/indu1709/sep2023/subscribers&quot;,&quot;subscription_url&quot;:&quot;https://api.github.com/repos/indu1709/sep2023/subscription&quot;,&quot;commits_url&quot;:&quot;https://api.github.com/repos/indu1709/sep2023/commits{/sha}&quot;,&quot;git_commits_url&quot;:&quot;https://api.github.com/repos/indu1709/sep2023/git/commits{/sha}&quot;,&quot;comments_url&quot;:&quot;https://api.github.com/repos/indu1709/sep2023/comments{/number}&quot;,&quot;issue_comment_url&quot;:&quot;https://api.github.com/repos/indu1709/sep2023/issues/comments{/number}&quot;,&quot;contents_url&quot;:&quot;https://api.github.com/repos/indu1709/sep2023/contents/{+path}&quot;,&quot;compare_url&quot;:&quot;https://api.github.com/repos/indu1709/sep2023/compare/{base}...{head}&quot;,&quot;merges_url&quot;:&quot;https://api.github.com/repos/indu1709/sep2023/merges&quot;,&quot;archive_url&quot;:&quot;https://api.github.com/repos/indu1709/sep2023/{archive_format}{/ref}&quot;,&quot;downloads_url&quot;:&quot;https://api.github.com/repos/indu1709/sep2023/downloads&quot;,&quot;issues_url&quot;:&quot;https://api.github.com/repos/indu1709/sep2023/issues{/number}&quot;,&quot;pulls_url&quot;:&quot;https://api.github.com/repos/indu1709/sep2023/pulls{/number}&quot;,&quot;milestones_url&quot;:&quot;https://api.github.com/repos/indu1709/sep2023/milestones{/number}&quot;,&quot;notifications_url&quot;:&quot;https://api.github.com/repos/indu1709/sep2023/notifications{?since,all,participating}&quot;,&quot;labels_url&quot;:&quot;https://api.github.com/repos/indu1709/sep2023/labels{/name}&quot;,&quot;releases_url&quot;:&quot;https://api.github.com/repos/indu1709/sep2023/releases{/id}&quot;,&quot;deployments_url&quot;:&quot;https://api.github.com/repos/indu1709/sep2023/deployments&quot;,&quot;created_at&quot;:&quot;2023-10-26T15:23:25Z&quot;,&quot;updated_at&quot;:&quot;2023-10-26T15:23:26Z&quot;,&quot;pushed_at&quot;:&quot;2023-10-26T15:23:26Z&quot;,&quot;git_url&quot;:&quot;git://github.com/indu1709/sep2023.git&quot;,&quot;ssh_url&quot;:&quot;git@github.com:indu1709/sep2023.git&quot;,&quot;clone_url&quot;:&quot;https://github.com/indu1709/sep2023.git&quot;,&quot;svn_url&quot;:&quot;https://github.com/indu1709/sep2023&quot;,&quot;homepage&quot;:null,&quot;size&quot;:0,&quot;stargazers_count&quot;:0,&quot;watchers_count&quot;:0,&quot;language&quot;:null,&quot;has_issues&quot;:true,&quot;has_projects&quot;:true,&quot;has_downloads&quot;:true,&quot;has_wiki&quot;:true,&quot;has_pages&quot;:false,&quot;has_discussions&quot;:false,&quot;forks_count&quot;:0,&quot;mirror_url&quot;:null,&quot;archived&quot;:false,&quot;disabled&quot;:false,&quot;open_issues_count&quot;:0,&quot;license&quot;:null,&quot;allow_forking&quot;:true,&quot;is_template&quot;:false,&quot;web_commit_signoff_required&quot;:false,&quot;topics&quot;:[],&quot;visibility&quot;:&quot;public&quot;,&quot;forks&quot;:0,&quot;open_issues&quot;:0,&quot;watchers&quot;:0,&quot;default_branch&quot;:&quot;main&quot;},{&quot;id&quot;:710624021,&quot;node_id&quot;:&quot;R_kgDOKltDFQ&quot;,&quot;name&quot;:&quot;sep2023a&quot;,&quot;full_name&quot;:&quot;indu1709/sep2023a&quot;,&quot;private&quot;:false,&quot;owner&quot;:{&quot;login&quot;:&quot;indu1709&quot;,&quot;id&quot;:149007941,&quot;node_id&quot;:&quot;U_kgDOCOGuRQ&quot;,&quot;avatar_url&quot;:&quot;https://avatars.githubusercontent.com/u/149007941?v=4&quot;,&quot;gravatar_id&quot;:&quot;&quot;,&quot;url&quot;:&quot;https://api.github.com/users/indu1709&quot;,&quot;html_url&quot;:&quot;https://github.com/indu1709&quot;,&quot;followers_url&quot;:&quot;https://api.github.com/users/indu1709/followers&quot;,&quot;following_url&quot;:&quot;https://api.github.com/users/indu1709/following{/other_user}&quot;,&quot;gists_url&quot;:&quot;https://api.github.com/users/indu1709/gists{/gist_id}&quot;,&quot;starred_url&quot;:&quot;https://api.github.com/users/indu1709/starred{/owner}{/repo}&quot;,&quot;subscriptions_url&quot;:&quot;https://api.github.com/users/indu1709/subscriptions&quot;,&quot;organizations_url&quot;:&quot;https://api.github.com/users/indu1709/orgs&quot;,&quot;repos_url&quot;:&quot;https://api.github.com/users/indu1709/repos&quot;,&quot;events_url&quot;:&quot;https://api.github.com/users/indu1709/events{/privacy}&quot;,&quot;received_events_url&quot;:&quot;https://api.github.com/users/indu1709/received_events&quot;,&quot;type&quot;:&quot;User&quot;,&quot;site_admin&quot;:false},&quot;html_url&quot;:&quot;https://github.com/indu1709/sep2023a&quot;,&quot;description&quot;:null,&quot;fork&quot;:false,&quot;url&quot;:&quot;https://api.github.com/repos/indu1709/sep2023a&quot;,&quot;forks_url&quot;:&quot;https://api.github.com/repos/indu1709/sep2023a/forks&quot;,&quot;keys_url&quot;:&quot;https://api.github.com/repos/indu1709/sep2023a/keys{/key_id}&quot;,&quot;collaborators_url&quot;:&quot;https://api.github.com/repos/indu1709/sep2023a/collaborators{/collaborator}&quot;,&quot;teams_url&quot;:&quot;https://api.github.com/repos/indu1709/sep2023a/teams&quot;,&quot;hooks_url&quot;:&quot;https://api.github.com/repos/indu1709/sep2023a/hooks&quot;,&quot;issue_events_url&quot;:&quot;https://api.github.com/repos/indu1709/sep2023a/issues/events{/number}&quot;,&quot;events_url&quot;:&quot;https://api.github.com/repos/indu1709/sep2023a/events&quot;,&quot;assignees_url&quot;:&quot;https://api.github.com/repos/indu1709/sep2023a/assignees{/user}&quot;,&quot;branches_url&quot;:&quot;https://api.github.com/repos/indu1709/sep2023a/branches{/branch}&quot;,&quot;tags_url&quot;:&quot;https://api.github.com/repos/indu1709/sep2023a/tags&quot;,&quot;blobs_url&quot;:&quot;https://api.github.com/repos/indu1709/sep2023a/git/blobs{/sha}&quot;,&quot;git_tags_url&quot;:&quot;https://api.github.com/repos/indu1709/sep2023a/git/tags{/sha}&quot;,&quot;git_refs_url&quot;:&quot;https://api.github.com/repos/indu1709/sep2023a/git/refs{/sha}&quot;,&quot;trees_url&quot;:&quot;https://api.github.com/repos/indu1709/sep2023a/git/trees{/sha}&quot;,&quot;statuses_url&quot;:&quot;https://api.github.com/repos/indu1709/sep2023a/statuses/{sha}&quot;,&quot;languages_url&quot;:&quot;https://api.github.com/repos/indu1709/sep2023a/languages&quot;,&quot;stargazers_url&quot;:&quot;https://api.github.com/repos/indu1709/sep2023a/stargazers&quot;,&quot;contributors_url&quot;:&quot;https://api.github.com/repos/indu1709/sep2023a/contributors&quot;,&quot;subscribers_url&quot;:&quot;https://api.github.com/repos/indu1709/sep2023a/subscribers&quot;,&quot;subscription_url&quot;:&quot;https://api.github.com/repos/indu1709/sep2023a/subscription&quot;,&quot;commits_url&quot;:&quot;https://api.github.com/repos/indu1709/sep2023a/commits{/sha}&quot;,&quot;git_commits_url&quot;:&quot;https://api.github.com/repos/indu1709/sep2023a/git/commits{/sha}&quot;,&quot;comments_url&quot;:&quot;https://api.github.com/repos/indu1709/sep2023a/comments{/number}&quot;,&quot;issue_comment_url&quot;:&quot;https://api.github.com/repos/indu1709/sep2023a/issues/comments{/number}&quot;,&quot;contents_url&quot;:&quot;https://api.github.com/repos/indu1709/sep2023a/contents/{+path}&quot;,&quot;compare_url&quot;:&quot;https://api.github.com/repos/indu1709/sep2023a/compare/{base}...{head}&quot;,&quot;merges_url&quot;:&quot;https://api.github.com/repos/indu1709/sep2023a/merges&quot;,&quot;archive_url&quot;:&quot;https://api.github.com/repos/indu1709/sep2023a/{archive_format}{/ref}&quot;,&quot;downloads_url&quot;:&quot;https://api.github.com/repos/indu1709/sep2023a/downloads&quot;,&quot;issues_url&quot;:&quot;https://api.github.com/repos/indu1709/sep2023a/issues{/number}&quot;,&quot;pulls_url&quot;:&quot;https://api.github.com/repos/indu1709/sep2023a/pulls{/number}&quot;,&quot;milestones_url&quot;:&quot;https://api.github.com/repos/indu1709/sep2023a/milestones{/number}&quot;,&quot;notifications_url&quot;:&quot;https://api.github.com/repos/indu1709/sep2023a/notifications{?since,all,participating}&quot;,&quot;labels_url&quot;:&quot;https://api.github.com/repos/indu1709/sep2023a/labels{/name}&quot;,&quot;releases_url&quot;:&quot;https://api.github.com/repos/indu1709/sep2023a/releases{/id}&quot;,&quot;deployments_url&quot;:&quot;https://api.github.com/repos/indu1709/sep2023a/deployments&quot;,&quot;created_at&quot;:&quot;2023-10-27T05:01:45Z&quot;,&quot;updated_at&quot;:&quot;2023-10-27T14:36:05Z&quot;,&quot;pushed_at&quot;:&quot;2023-10-28T18:49:14Z&quot;,&quot;git_url&quot;:&quot;git://github.com/indu1709/sep2023a.git&quot;,&quot;ssh_url&quot;:&quot;git@github.com:indu1709/sep2023a.git&quot;,&quot;clone_url&quot;:&quot;https://github.com/indu1709/sep2023a.git&quot;,&quot;svn_url&quot;:&quot;https://github.com/indu1709/sep2023a&quot;,&quot;homepage&quot;:null,&quot;size&quot;:3,&quot;stargazers_count&quot;:0,&quot;watchers_count&quot;:0,&quot;language&quot;:&quot;Java&quot;,&quot;has_issues&quot;:true,&quot;has_projects&quot;:true,&quot;has_downloads&quot;:true,&quot;has_wiki&quot;:true,&quot;has_pages&quot;:false,&quot;has_discussions&quot;:false,&quot;forks_count&quot;:0,&quot;mirror_url&quot;:null,&quot;archived&quot;:false,&quot;disabled&quot;:false,&quot;open_issues_count&quot;:0,&quot;license&quot;:null,&quot;allow_forking&quot;:true,&quot;is_template&quot;:false,&quot;web_commit_signoff_required&quot;:false,&quot;topics&quot;:[],&quot;visibility&quot;:&quot;public&quot;,&quot;forks&quot;:0,&quot;open_issues&quot;:0,&quot;watchers&quot;:0,&quot;default_branch&quot;:&quot;main&quot;},{&quot;id&quot;:711713148,&quot;node_id&quot;:&quot;R_kgDOKmvhfA&quot;,&quot;name&quot;:&quot;sep2023SeleniumSalesforceAutomationNG&quot;,&quot;full_name&quot;:&quot;indu1709/sep2023SeleniumSalesforceAutomationNG&quot;,&quot;private&quot;:false,&quot;owner&quot;:{&quot;login&quot;:&quot;indu1709&quot;,&quot;id&quot;:149007941,&quot;node_id&quot;:&quot;U_kgDOCOGuRQ&quot;,&quot;avatar_url&quot;:&quot;https://avatars.githubusercontent.com/u/149007941?v=4&quot;,&quot;gravatar_id&quot;:&quot;&quot;,&quot;url&quot;:&quot;https://api.github.com/users/indu1709&quot;,&quot;html_url&quot;:&quot;https://github.com/indu1709&quot;,&quot;followers_url&quot;:&quot;https://api.github.com/users/indu1709/followers&quot;,&quot;following_url&quot;:&quot;https://api.github.com/users/indu1709/following{/other_user}&quot;,&quot;gists_url&quot;:&quot;https://api.github.com/users/indu1709/gists{/gist_id}&quot;,&quot;starred_url&quot;:&quot;https://api.github.com/users/indu1709/starred{/owner}{/repo}&quot;,&quot;subscriptions_url&quot;:&quot;https://api.github.com/users/indu1709/subscriptions&quot;,&quot;organizations_url&quot;:&quot;https://api.github.com/users/indu1709/orgs&quot;,&quot;repos_url&quot;:&quot;https://api.github.com/users/indu1709/repos&quot;,&quot;events_url&quot;:&quot;https://api.github.com/users/indu1709/events{/privacy}&quot;,&quot;received_events_url&quot;:&quot;https://api.github.com/users/indu1709/received_events&quot;,&quot;type&quot;:&quot;User&quot;,&quot;site_admin&quot;:false},&quot;html_url&quot;:&quot;https://github.com/indu1709/sep2023SeleniumSalesforceAutomationNG&quot;,&quot;description&quot;:null,&quot;fork&quot;:false,&quot;url&quot;:&quot;https://api.github.com/repos/indu1709/sep2023SeleniumSalesforceAutomationNG&quot;,&quot;forks_url&quot;:&quot;https://api.github.com/repos/indu1709/sep2023SeleniumSalesforceAutomationNG/forks&quot;,&quot;keys_url&quot;:&quot;https://api.github.com/repos/indu1709/sep2023SeleniumSalesforceAutomationNG/keys{/key_id}&quot;,&quot;collaborators_url&quot;:&quot;https://api.github.com/repos/indu1709/sep2023SeleniumSalesforceAutomationNG/collaborators{/collaborator}&quot;,&quot;teams_url&quot;:&quot;https://api.github.com/repos/indu1709/sep2023SeleniumSalesforceAutomationNG/teams&quot;,&quot;hooks_url&quot;:&quot;https://api.github.com/repos/indu1709/sep2023SeleniumSalesforceAutomationNG/hooks&quot;,&quot;issue_events_url&quot;:&quot;https://api.github.com/repos/indu1709/sep2023SeleniumSalesforceAutomationNG/issues/events{/number}&quot;,&quot;events_url&quot;:&quot;https://api.github.com/repos/indu1709/sep2023SeleniumSalesforceAutomationNG/events&quot;,&quot;assignees_url&quot;:&quot;https://api.github.com/repos/indu1709/sep2023SeleniumSalesforceAutomationNG/assignees{/user}&quot;,&quot;branches_url&quot;:&quot;https://api.github.com/repos/indu1709/sep2023SeleniumSalesforceAutomationNG/branches{/branch}&quot;,&quot;tags_url&quot;:&quot;https://api.github.com/repos/indu1709/sep2023SeleniumSalesforceAutomationNG/tags&quot;,&quot;blobs_url&quot;:&quot;https://api.github.com/repos/indu1709/sep2023SeleniumSalesforceAutomationNG/git/blobs{/sha}&quot;,&quot;git_tags_url&quot;:&quot;https://api.github.com/repos/indu1709/sep2023SeleniumSalesforceAutomationNG/git/tags{/sha}&quot;,&quot;git_refs_url&quot;:&quot;https://api.github.com/repos/indu1709/sep2023SeleniumSalesforceAutomationNG/git/refs{/sha}&quot;,&quot;trees_url&quot;:&quot;https://api.github.com/repos/indu1709/sep2023SeleniumSalesforceAutomationNG/git/trees{/sha}&quot;,&quot;statuses_url&quot;:&quot;https://api.github.com/repos/indu1709/sep2023SeleniumSalesforceAutomationNG/statuses/{sha}&quot;,&quot;languages_url&quot;:&quot;https://api.github.com/repos/indu1709/sep2023SeleniumSalesforceAutomationNG/languages&quot;,&quot;stargazers_url&quot;:&quot;https://api.github.com/repos/indu1709/sep2023SeleniumSalesforceAutomationNG/stargazers&quot;,&quot;contributors_url&quot;:&quot;https://api.github.com/repos/indu1709/sep2023SeleniumSalesforceAutomationNG/contributors&quot;,&quot;subscribers_url&quot;:&quot;https://api.github.com/repos/indu1709/sep2023SeleniumSalesforceAutomationNG/subscribers&quot;,&quot;subscription_url&quot;:&quot;https://api.github.com/repos/indu1709/sep2023SeleniumSalesforceAutomationNG/subscription&quot;,&quot;commits_url&quot;:&quot;https://api.github.com/repos/indu1709/sep2023SeleniumSalesforceAutomationNG/commits{/sha}&quot;,&quot;git_commits_url&quot;:&quot;https://api.github.com/repos/indu1709/sep2023SeleniumSalesforceAutomationNG/git/commits{/sha}&quot;,&quot;comments_url&quot;:&quot;https://api.github.com/repos/indu1709/sep2023SeleniumSalesforceAutomationNG/comments{/number}&quot;,&quot;issue_comment_url&quot;:&quot;https://api.github.com/repos/indu1709/sep2023SeleniumSalesforceAutomationNG/issues/comments{/number}&quot;,&quot;contents_url&quot;:&quot;https://api.github.com/repos/indu1709/sep2023SeleniumSalesforceAutomationNG/contents/{+path}&quot;,&quot;compare_url&quot;:&quot;https://api.github.com/repos/indu1709/sep2023SeleniumSalesforceAutomationNG/compare/{base}...{head}&quot;,&quot;merges_url&quot;:&quot;https://api.github.com/repos/indu1709/sep2023SeleniumSalesforceAutomationNG/merges&quot;,&quot;archive_url&quot;:&quot;https://api.github.com/repos/indu1709/sep2023SeleniumSalesforceAutomationNG/{archive_format}{/ref}&quot;,&quot;downloads_url&quot;:&quot;https://api.github.com/repos/indu1709/sep2023SeleniumSalesforceAutomationNG/downloads&quot;,&quot;issues_url&quot;:&quot;https://api.github.com/repos/indu1709/sep2023SeleniumSalesforceAutomationNG/issues{/number}&quot;,&quot;pulls_url&quot;:&quot;https://api.github.com/repos/indu1709/sep2023SeleniumSalesforceAutomationNG/pulls{/number}&quot;,&quot;milestones_url&quot;:&quot;https://api.github.com/repos/indu1709/sep2023SeleniumSalesforceAutomationNG/milestones{/number}&quot;,&quot;notifications_url&quot;:&quot;https://api.github.com/repos/indu1709/sep2023SeleniumSalesforceAutomationNG/notifications{?since,all,participating}&quot;,&quot;labels_url&quot;:&quot;https://api.github.com/repos/indu1709/sep2023SeleniumSalesforceAutomationNG/labels{/name}&quot;,&quot;releases_url&quot;:&quot;https://api.github.com/repos/indu1709/sep2023SeleniumSalesforceAutomationNG/releases{/id}&quot;,&quot;deployments_url&quot;:&quot;https://api.github.com/repos/indu1709/sep2023SeleniumSalesforceAutomationNG/deployments&quot;,&quot;created_at&quot;:&quot;2023-10-30T02:45:15Z&quot;,&quot;updated_at&quot;:&quot;2023-10-30T03:16:50Z&quot;,&quot;pushed_at&quot;:&quot;2023-10-30T03:16:46Z&quot;,&quot;git_url&quot;:&quot;git://github.com/indu1709/sep2023SeleniumSalesforceAutomationNG.git&quot;,&quot;ssh_url&quot;:&quot;git@github.com:indu1709/sep2023SeleniumSalesforceAutomationNG.git&quot;,&quot;clone_url&quot;:&quot;https://github.com/indu1709/sep2023SeleniumSalesforceAutomationNG.git&quot;,&quot;svn_url&quot;:&quot;https://github.com/indu1709/sep2023SeleniumSalesforceAutomationNG&quot;,&quot;homepage&quot;:null,&quot;size&quot;:244,&quot;stargazers_count&quot;:0,&quot;watchers_count&quot;:0,&quot;language&quot;:&quot;Java&quot;,&quot;has_issues&quot;:true,&quot;has_projects&quot;:true,&quot;has_downloads&quot;:true,&quot;has_wiki&quot;:true,&quot;has_pages&quot;:false,&quot;has_discussions&quot;:false,&quot;forks_count&quot;:0,&quot;mirror_url&quot;:null,&quot;archived&quot;:false,&quot;disabled&quot;:false,&quot;open_issues_count&quot;:0,&quot;license&quot;:null,&quot;allow_forking&quot;:true,&quot;is_template&quot;:false,&quot;web_commit_signoff_required&quot;:false,&quot;topics&quot;:[],&quot;visibility&quot;:&quot;public&quot;,&quot;forks&quot;:0,&quot;open_issues&quot;:0,&quot;watchers&quot;:0,&quot;default_branch&quot;:&quot;master&quot;}]
" type="java.lang.AssertionError">
      <![CDATA[java.lang.AssertionError: 1 expectation failed.
Response body doesn't match expectation.
Expected: The content to match the given JSON schema.
error: object has missing required properties (["permissions"])
    level: "error"
    schema: {"loadingURI":"file:/C:/Users/Nandhini/Java2023-workspace/RestAssuredGitHubAPIAutomationFramework/target/test-classes/GetAllReposSchema.json#","pointer":"/items/0"}
    instance: {"pointer":"/0"}
    domain: "validation"
    keyword: "required"
    required: ["allow_forking","archive_url","archived","assignees_url","blobs_url","branches_url","clone_url","collaborators_url","comments_url","commits_url","compare_url","contents_url","contributors_url","created_at","default_branch","deployments_url","description","disabled","downloads_url","events_url","fork","forks","forks_count","forks_url","full_name","git_commits_url","git_refs_url","git_tags_url","git_url","has_discussions","has_downloads","has_issues","has_pages","has_projects","has_wiki","homepage","hooks_url","html_url","id","is_template","issue_comment_url","issue_events_url","issues_url","keys_url","labels_url","language","languages_url","license","merges_url","milestones_url","mirror_url","name","node_id","notifications_url","open_issues","open_issues_count","owner","permissions","private","pulls_url","pushed_at","releases_url","size","ssh_url","stargazers_count","stargazers_url","statuses_url","subscribers_url","subscription_url","svn_url","tags_url","teams_url","topics","trees_url","updated_at","url","visibility","watchers","watchers_count","web_commit_signoff_required"]
    missing: ["permissions"]
error: object has missing required properties (["permissions"])
    level: "error"
    schema: {"loadingURI":"file:/C:/Users/Nandhini/Java2023-workspace/RestAssuredGitHubAPIAutomationFramework/target/test-classes/GetAllReposSchema.json#","pointer":"/items/1"}
    instance: {"pointer":"/1"}
    domain: "validation"
    keyword: "required"
    required: ["allow_forking","archive_url","archived","assignees_url","blobs_url","branches_url","clone_url","collaborators_url","comments_url","commits_url","compare_url","contents_url","contributors_url","created_at","default_branch","deployments_url","description","disabled","downloads_url","events_url","fork","forks","forks_count","forks_url","full_name","git_commits_url","git_refs_url","git_tags_url","git_url","has_discussions","has_downloads","has_issues","has_pages","has_projects","has_wiki","homepage","hooks_url","html_url","id","is_template","issue_comment_url","issue_events_url","issues_url","keys_url","labels_url","language","languages_url","license","merges_url","milestones_url","mirror_url","name","node_id","notifications_url","open_issues","open_issues_count","owner","permissions","private","pulls_url","pushed_at","releases_url","size","ssh_url","stargazers_count","stargazers_url","statuses_url","subscribers_url","subscription_url","svn_url","tags_url","teams_url","topics","trees_url","updated_at","url","visibility","watchers","watchers_count","web_commit_signoff_required"]
    missing: ["permissions"]
error: object has missing required properties (["permissions"])
    level: "error"
    schema: {"loadingURI":"file:/C:/Users/Nandhini/Java2023-workspace/RestAssuredGitHubAPIAutomationFramework/target/test-classes/GetAllReposSchema.json#","pointer":"/items/2"}
    instance: {"pointer":"/2"}
    domain: "validation"
    keyword: "required"
    required: ["allow_forking","archive_url","archived","assignees_url","blobs_url","branches_url","clone_url","collaborators_url","comments_url","commits_url","compare_url","contents_url","contributors_url","created_at","default_branch","deployments_url","description","disabled","downloads_url","events_url","fork","forks","forks_count","forks_url","full_name","git_commits_url","git_refs_url","git_tags_url","git_url","has_discussions","has_downloads","has_issues","has_pages","has_projects","has_wiki","homepage","hooks_url","html_url","id","is_template","issue_comment_url","issue_events_url","issues_url","keys_url","labels_url","language","languages_url","license","merges_url","milestones_url","mirror_url","name","node_id","notifications_url","open_issues","open_issues_count","owner","permissions","private","pulls_url","pushed_at","releases_url","size","ssh_url","stargazers_count","stargazers_url","statuses_url","subscribers_url","subscription_url","svn_url","tags_url","teams_url","topics","trees_url","updated_at","url","visibility","watchers","watchers_count","web_commit_signoff_required"]
    missing: ["permissions"]
error: object has missing required properties (["permissions"])
    level: "error"
    schema: {"loadingURI":"file:/C:/Users/Nandhini/Java2023-workspace/RestAssuredGitHubAPIAutomationFramework/target/test-classes/GetAllReposSchema.json#","pointer":"/items/3"}
    instance: {"pointer":"/3"}
    domain: "validation"
    keyword: "required"
    required: ["allow_forking","archive_url","archived","assignees_url","blobs_url","branches_url","clone_url","collaborators_url","comments_url","commits_url","compare_url","contents_url","contributors_url","created_at","default_branch","deployments_url","description","disabled","downloads_url","events_url","fork","forks","forks_count","forks_url","full_name","git_commits_url","git_refs_url","git_tags_url","git_url","has_discussions","has_downloads","has_issues","has_pages","has_projects","has_wiki","homepage","hooks_url","html_url","id","is_template","issue_comment_url","issue_events_url","issues_url","keys_url","labels_url","language","languages_url","license","merges_url","milestones_url","mirror_url","name","node_id","notifications_url","open_issues","open_issues_count","owner","permissions","private","pulls_url","pushed_at","releases_url","size","ssh_url","stargazers_count","stargazers_url","statuses_url","subscribers_url","subscription_url","svn_url","tags_url","teams_url","topics","trees_url","updated_at","url","visibility","watchers","watchers_count","web_commit_signoff_required"]
    missing: ["permissions"]
error: object has missing required properties (["permissions"])
    level: "error"
    schema: {"loadingURI":"file:/C:/Users/Nandhini/Java2023-workspace/RestAssuredGitHubAPIAutomationFramework/target/test-classes/GetAllReposSchema.json#","pointer":"/items/4"}
    instance: {"pointer":"/4"}
    domain: "validation"
    keyword: "required"
    required: ["allow_forking","archive_url","archived","assignees_url","blobs_url","branches_url","clone_url","collaborators_url","comments_url","commits_url","compare_url","contents_url","contributors_url","created_at","default_branch","deployments_url","description","disabled","downloads_url","events_url","fork","forks","forks_count","forks_url","full_name","git_commits_url","git_refs_url","git_tags_url","git_url","has_discussions","has_downloads","has_issues","has_pages","has_projects","has_wiki","homepage","hooks_url","html_url","id","is_template","issue_comment_url","issue_events_url","issues_url","keys_url","labels_url","language","languages_url","license","merges_url","milestones_url","mirror_url","name","node_id","notifications_url","open_issues","open_issues_count","owner","permissions","private","pulls_url","pushed_at","releases_url","size","ssh_url","stargazers_count","stargazers_url","statuses_url","subscribers_url","subscription_url","svn_url","tags_url","teams_url","topics","trees_url","updated_at","url","visibility","watchers","watchers_count","web_commit_signoff_required"]
    missing: ["permissions"]
error: object has missing required properties (["permissions"])
    level: "error"
    schema: {"loadingURI":"file:/C:/Users/Nandhini/Java2023-workspace/RestAssuredGitHubAPIAutomationFramework/target/test-classes/GetAllReposSchema.json#","pointer":"/items/5"}
    instance: {"pointer":"/5"}
    domain: "validation"
    keyword: "required"
    required: ["allow_forking","archive_url","archived","assignees_url","blobs_url","branches_url","clone_url","collaborators_url","comments_url","commits_url","compare_url","contents_url","contributors_url","created_at","default_branch","deployments_url","description","disabled","downloads_url","events_url","fork","forks","forks_count","forks_url","full_name","git_commits_url","git_refs_url","git_tags_url","git_url","has_discussions","has_downloads","has_issues","has_pages","has_projects","has_wiki","homepage","hooks_url","html_url","id","is_template","issue_comment_url","issue_events_url","issues_url","keys_url","labels_url","language","languages_url","license","merges_url","milestones_url","mirror_url","name","node_id","notifications_url","open_issues","open_issues_count","owner","permissions","private","pulls_url","pushed_at","releases_url","size","ssh_url","stargazers_count","stargazers_url","statuses_url","subscribers_url","subscription_url","svn_url","tags_url","teams_url","topics","trees_url","updated_at","url","visibility","watchers","watchers_count","web_commit_signoff_required"]
    missing: ["permissions"]

  Actual: [{"id":725881818,"node_id":"R_kgDOK0QT2g","name":"GITHubAPI","full_name":"indu1709/GITHubAPI","private":false,"owner":{"login":"indu1709","id":149007941,"node_id":"U_kgDOCOGuRQ","avatar_url":"https://avatars.githubusercontent.com/u/149007941?v=4","gravatar_id":"","url":"https://api.github.com/users/indu1709","html_url":"https://github.com/indu1709","followers_url":"https://api.github.com/users/indu1709/followers","following_url":"https://api.github.com/users/indu1709/following{/other_user}","gists_url":"https://api.github.com/users/indu1709/gists{/gist_id}","starred_url":"https://api.github.com/users/indu1709/starred{/owner}{/repo}","subscriptions_url":"https://api.github.com/users/indu1709/subscriptions","organizations_url":"https://api.github.com/users/indu1709/orgs","repos_url":"https://api.github.com/users/indu1709/repos","events_url":"https://api.github.com/users/indu1709/events{/privacy}","received_events_url":"https://api.github.com/users/indu1709/received_events","type":"User","site_admin":false},"html_url":"https://github.com/indu1709/GITHubAPI","description":null,"fork":false,"url":"https://api.github.com/repos/indu1709/GITHubAPI","forks_url":"https://api.github.com/repos/indu1709/GITHubAPI/forks","keys_url":"https://api.github.com/repos/indu1709/GITHubAPI/keys{/key_id}","collaborators_url":"https://api.github.com/repos/indu1709/GITHubAPI/collaborators{/collaborator}","teams_url":"https://api.github.com/repos/indu1709/GITHubAPI/teams","hooks_url":"https://api.github.com/repos/indu1709/GITHubAPI/hooks","issue_events_url":"https://api.github.com/repos/indu1709/GITHubAPI/issues/events{/number}","events_url":"https://api.github.com/repos/indu1709/GITHubAPI/events","assignees_url":"https://api.github.com/repos/indu1709/GITHubAPI/assignees{/user}","branches_url":"https://api.github.com/repos/indu1709/GITHubAPI/branches{/branch}","tags_url":"https://api.github.com/repos/indu1709/GITHubAPI/tags","blobs_url":"https://api.github.com/repos/indu1709/GITHubAPI/git/blobs{/sha}","git_tags_url":"https://api.github.com/repos/indu1709/GITHubAPI/git/tags{/sha}","git_refs_url":"https://api.github.com/repos/indu1709/GITHubAPI/git/refs{/sha}","trees_url":"https://api.github.com/repos/indu1709/GITHubAPI/git/trees{/sha}","statuses_url":"https://api.github.com/repos/indu1709/GITHubAPI/statuses/{sha}","languages_url":"https://api.github.com/repos/indu1709/GITHubAPI/languages","stargazers_url":"https://api.github.com/repos/indu1709/GITHubAPI/stargazers","contributors_url":"https://api.github.com/repos/indu1709/GITHubAPI/contributors","subscribers_url":"https://api.github.com/repos/indu1709/GITHubAPI/subscribers","subscription_url":"https://api.github.com/repos/indu1709/GITHubAPI/subscription","commits_url":"https://api.github.com/repos/indu1709/GITHubAPI/commits{/sha}","git_commits_url":"https://api.github.com/repos/indu1709/GITHubAPI/git/commits{/sha}","comments_url":"https://api.github.com/repos/indu1709/GITHubAPI/comments{/number}","issue_comment_url":"https://api.github.com/repos/indu1709/GITHubAPI/issues/comments{/number}","contents_url":"https://api.github.com/repos/indu1709/GITHubAPI/contents/{+path}","compare_url":"https://api.github.com/repos/indu1709/GITHubAPI/compare/{base}...{head}","merges_url":"https://api.github.com/repos/indu1709/GITHubAPI/merges","archive_url":"https://api.github.com/repos/indu1709/GITHubAPI/{archive_format}{/ref}","downloads_url":"https://api.github.com/repos/indu1709/GITHubAPI/downloads","issues_url":"https://api.github.com/repos/indu1709/GITHubAPI/issues{/number}","pulls_url":"https://api.github.com/repos/indu1709/GITHubAPI/pulls{/number}","milestones_url":"https://api.github.com/repos/indu1709/GITHubAPI/milestones{/number}","notifications_url":"https://api.github.com/repos/indu1709/GITHubAPI/notifications{?since,all,participating}","labels_url":"https://api.github.com/repos/indu1709/GITHubAPI/labels{/name}","releases_url":"https://api.github.com/repos/indu1709/GITHubAPI/releases{/id}","deployments_url":"https://api.github.com/repos/indu1709/GITHubAPI/deployments","created_at":"2023-12-01T04:09:51Z","updated_at":"2023-12-01T04:49:29Z","pushed_at":"2023-12-01T04:49:25Z","git_url":"git://github.com/indu1709/GITHubAPI.git","ssh_url":"git@github.com:indu1709/GITHubAPI.git","clone_url":"https://github.com/indu1709/GITHubAPI.git","svn_url":"https://github.com/indu1709/GITHubAPI","homepage":null,"size":63,"stargazers_count":0,"watchers_count":0,"language":"HTML","has_issues":true,"has_projects":true,"has_downloads":true,"has_wiki":true,"has_pages":false,"has_discussions":false,"forks_count":0,"mirror_url":null,"archived":false,"disabled":false,"open_issues_count":0,"license":null,"allow_forking":true,"is_template":false,"web_commit_signoff_required":false,"topics":[],"visibility":"public","forks":0,"open_issues":0,"watchers":0,"default_branch":"master"},{"id":714496175,"node_id":"R_kgDOKpZYrw","name":"SeleniumSalesforceAutomationCucumberFramework","full_name":"indu1709/SeleniumSalesforceAutomationCucumberFramework","private":false,"owner":{"login":"indu1709","id":149007941,"node_id":"U_kgDOCOGuRQ","avatar_url":"https://avatars.githubusercontent.com/u/149007941?v=4","gravatar_id":"","url":"https://api.github.com/users/indu1709","html_url":"https://github.com/indu1709","followers_url":"https://api.github.com/users/indu1709/followers","following_url":"https://api.github.com/users/indu1709/following{/other_user}","gists_url":"https://api.github.com/users/indu1709/gists{/gist_id}","starred_url":"https://api.github.com/users/indu1709/starred{/owner}{/repo}","subscriptions_url":"https://api.github.com/users/indu1709/subscriptions","organizations_url":"https://api.github.com/users/indu1709/orgs","repos_url":"https://api.github.com/users/indu1709/repos","events_url":"https://api.github.com/users/indu1709/events{/privacy}","received_events_url":"https://api.github.com/users/indu1709/received_events","type":"User","site_admin":false},"html_url":"https://github.com/indu1709/SeleniumSalesforceAutomationCucumberFramework","description":"Salesforce Login page with cucumber Framework","fork":false,"url":"https://api.github.com/repos/indu1709/SeleniumSalesforceAutomationCucumberFramework","forks_url":"https://api.github.com/repos/indu1709/SeleniumSalesforceAutomationCucumberFramework/forks","keys_url":"https://api.github.com/repos/indu1709/SeleniumSalesforceAutomationCucumberFramework/keys{/key_id}","collaborators_url":"https://api.github.com/repos/indu1709/SeleniumSalesforceAutomationCucumberFramework/collaborators{/collaborator}","teams_url":"https://api.github.com/repos/indu1709/SeleniumSalesforceAutomationCucumberFramework/teams","hooks_url":"https://api.github.com/repos/indu1709/SeleniumSalesforceAutomationCucumberFramework/hooks","issue_events_url":"https://api.github.com/repos/indu1709/SeleniumSalesforceAutomationCucumberFramework/issues/events{/number}","events_url":"https://api.github.com/repos/indu1709/SeleniumSalesforceAutomationCucumberFramework/events","assignees_url":"https://api.github.com/repos/indu1709/SeleniumSalesforceAutomationCucumberFramework/assignees{/user}","branches_url":"https://api.github.com/repos/indu1709/SeleniumSalesforceAutomationCucumberFramework/branches{/branch}","tags_url":"https://api.github.com/repos/indu1709/SeleniumSalesforceAutomationCucumberFramework/tags","blobs_url":"https://api.github.com/repos/indu1709/SeleniumSalesforceAutomationCucumberFramework/git/blobs{/sha}","git_tags_url":"https://api.github.com/repos/indu1709/SeleniumSalesforceAutomationCucumberFramework/git/tags{/sha}","git_refs_url":"https://api.github.com/repos/indu1709/SeleniumSalesforceAutomationCucumberFramework/git/refs{/sha}","trees_url":"https://api.github.com/repos/indu1709/SeleniumSalesforceAutomationCucumberFramework/git/trees{/sha}","statuses_url":"https://api.github.com/repos/indu1709/SeleniumSalesforceAutomationCucumberFramework/statuses/{sha}","languages_url":"https://api.github.com/repos/indu1709/SeleniumSalesforceAutomationCucumberFramework/languages","stargazers_url":"https://api.github.com/repos/indu1709/SeleniumSalesforceAutomationCucumberFramework/stargazers","contributors_url":"https://api.github.com/repos/indu1709/SeleniumSalesforceAutomationCucumberFramework/contributors","subscribers_url":"https://api.github.com/repos/indu1709/SeleniumSalesforceAutomationCucumberFramework/subscribers","subscription_url":"https://api.github.com/repos/indu1709/SeleniumSalesforceAutomationCucumberFramework/subscription","commits_url":"https://api.github.com/repos/indu1709/SeleniumSalesforceAutomationCucumberFramework/commits{/sha}","git_commits_url":"https://api.github.com/repos/indu1709/SeleniumSalesforceAutomationCucumberFramework/git/commits{/sha}","comments_url":"https://api.github.com/repos/indu1709/SeleniumSalesforceAutomationCucumberFramework/comments{/number}","issue_comment_url":"https://api.github.com/repos/indu1709/SeleniumSalesforceAutomationCucumberFramework/issues/comments{/number}","contents_url":"https://api.github.com/repos/indu1709/SeleniumSalesforceAutomationCucumberFramework/contents/{+path}","compare_url":"https://api.github.com/repos/indu1709/SeleniumSalesforceAutomationCucumberFramework/compare/{base}...{head}","merges_url":"https://api.github.com/repos/indu1709/SeleniumSalesforceAutomationCucumberFramework/merges","archive_url":"https://api.github.com/repos/indu1709/SeleniumSalesforceAutomationCucumberFramework/{archive_format}{/ref}","downloads_url":"https://api.github.com/repos/indu1709/SeleniumSalesforceAutomationCucumberFramework/downloads","issues_url":"https://api.github.com/repos/indu1709/SeleniumSalesforceAutomationCucumberFramework/issues{/number}","pulls_url":"https://api.github.com/repos/indu1709/SeleniumSalesforceAutomationCucumberFramework/pulls{/number}","milestones_url":"https://api.github.com/repos/indu1709/SeleniumSalesforceAutomationCucumberFramework/milestones{/number}","notifications_url":"https://api.github.com/repos/indu1709/SeleniumSalesforceAutomationCucumberFramework/notifications{?since,all,participating}","labels_url":"https://api.github.com/repos/indu1709/SeleniumSalesforceAutomationCucumberFramework/labels{/name}","releases_url":"https://api.github.com/repos/indu1709/SeleniumSalesforceAutomationCucumberFramework/releases{/id}","deployments_url":"https://api.github.com/repos/indu1709/SeleniumSalesforceAutomationCucumberFramework/deployments","created_at":"2023-11-05T02:38:52Z","updated_at":"2023-11-05T02:46:46Z","pushed_at":"2023-11-05T02:46:41Z","git_url":"git://github.com/indu1709/SeleniumSalesforceAutomationCucumberFramework.git","ssh_url":"git@github.com:indu1709/SeleniumSalesforceAutomationCucumberFramework.git","clone_url":"https://github.com/indu1709/SeleniumSalesforceAutomationCucumberFramework.git","svn_url":"https://github.com/indu1709/SeleniumSalesforceAutomationCucumberFramework","homepage":null,"size":699,"stargazers_count":0,"watchers_count":0,"language":"HTML","has_issues":true,"has_projects":true,"has_downloads":true,"has_wiki":true,"has_pages":false,"has_discussions":false,"forks_count":0,"mirror_url":null,"archived":false,"disabled":false,"open_issues_count":0,"license":null,"allow_forking":true,"is_template":false,"web_commit_signoff_required":false,"topics":[],"visibility":"public","forks":0,"open_issues":0,"watchers":0,"default_branch":"master"},{"id":717197247,"node_id":"R_kgDOKr-Pvw","name":"SeleniumSalesforceAutomationwithPOM","full_name":"indu1709/SeleniumSalesforceAutomationwithPOM","private":false,"owner":{"login":"indu1709","id":149007941,"node_id":"U_kgDOCOGuRQ","avatar_url":"https://avatars.githubusercontent.com/u/149007941?v=4","gravatar_id":"","url":"https://api.github.com/users/indu1709","html_url":"https://github.com/indu1709","followers_url":"https://api.github.com/users/indu1709/followers","following_url":"https://api.github.com/users/indu1709/following{/other_user}","gists_url":"https://api.github.com/users/indu1709/gists{/gist_id}","starred_url":"https://api.github.com/users/indu1709/starred{/owner}{/repo}","subscriptions_url":"https://api.github.com/users/indu1709/subscriptions","organizations_url":"https://api.github.com/users/indu1709/orgs","repos_url":"https://api.github.com/users/indu1709/repos","events_url":"https://api.github.com/users/indu1709/events{/privacy}","received_events_url":"https://api.github.com/users/indu1709/received_events","type":"User","site_admin":false},"html_url":"https://github.com/indu1709/SeleniumSalesforceAutomationwithPOM","description":"SeleniumSalesforceAutomationwithPOMFramework","fork":false,"url":"https://api.github.com/repos/indu1709/SeleniumSalesforceAutomationwithPOM","forks_url":"https://api.github.com/repos/indu1709/SeleniumSalesforceAutomationwithPOM/forks","keys_url":"https://api.github.com/repos/indu1709/SeleniumSalesforceAutomationwithPOM/keys{/key_id}","collaborators_url":"https://api.github.com/repos/indu1709/SeleniumSalesforceAutomationwithPOM/collaborators{/collaborator}","teams_url":"https://api.github.com/repos/indu1709/SeleniumSalesforceAutomationwithPOM/teams","hooks_url":"https://api.github.com/repos/indu1709/SeleniumSalesforceAutomationwithPOM/hooks","issue_events_url":"https://api.github.com/repos/i
[...]
/indu1709/gists{/gist_id}","starred_url":"https://api.github.com/users/indu1709/starred{/owner}{/repo}","subscriptions_url":"https://api.github.com/users/indu1709/subscriptions","organizations_url":"https://api.github.com/users/indu1709/orgs","repos_url":"https://api.github.com/users/indu1709/repos","events_url":"https://api.github.com/users/indu1709/events{/privacy}","received_events_url":"https://api.github.com/users/indu1709/received_events","type":"User","site_admin":false},"html_url":"https://github.com/indu1709/sep2023","description":null,"fork":false,"url":"https://api.github.com/repos/indu1709/sep2023","forks_url":"https://api.github.com/repos/indu1709/sep2023/forks","keys_url":"https://api.github.com/repos/indu1709/sep2023/keys{/key_id}","collaborators_url":"https://api.github.com/repos/indu1709/sep2023/collaborators{/collaborator}","teams_url":"https://api.github.com/repos/indu1709/sep2023/teams","hooks_url":"https://api.github.com/repos/indu1709/sep2023/hooks","issue_events_url":"https://api.github.com/repos/indu1709/sep2023/issues/events{/number}","events_url":"https://api.github.com/repos/indu1709/sep2023/events","assignees_url":"https://api.github.com/repos/indu1709/sep2023/assignees{/user}","branches_url":"https://api.github.com/repos/indu1709/sep2023/branches{/branch}","tags_url":"https://api.github.com/repos/indu1709/sep2023/tags","blobs_url":"https://api.github.com/repos/indu1709/sep2023/git/blobs{/sha}","git_tags_url":"https://api.github.com/repos/indu1709/sep2023/git/tags{/sha}","git_refs_url":"https://api.github.com/repos/indu1709/sep2023/git/refs{/sha}","trees_url":"https://api.github.com/repos/indu1709/sep2023/git/trees{/sha}","statuses_url":"https://api.github.com/repos/indu1709/sep2023/statuses/{sha}","languages_url":"https://api.github.com/repos/indu1709/sep2023/languages","stargazers_url":"https://api.github.com/repos/indu1709/sep2023/stargazers","contributors_url":"https://api.github.com/repos/indu1709/sep2023/contributors","subscribers_url":"https://api.github.com/repos/indu1709/sep2023/subscribers","subscription_url":"https://api.github.com/repos/indu1709/sep2023/subscription","commits_url":"https://api.github.com/repos/indu1709/sep2023/commits{/sha}","git_commits_url":"https://api.github.com/repos/indu1709/sep2023/git/commits{/sha}","comments_url":"https://api.github.com/repos/indu1709/sep2023/comments{/number}","issue_comment_url":"https://api.github.com/repos/indu1709/sep2023/issues/comments{/number}","contents_url":"https://api.github.com/repos/indu1709/sep2023/contents/{+path}","compare_url":"https://api.github.com/repos/indu1709/sep2023/compare/{base}...{head}","merges_url":"https://api.github.com/repos/indu1709/sep2023/merges","archive_url":"https://api.github.com/repos/indu1709/sep2023/{archive_format}{/ref}","downloads_url":"https://api.github.com/repos/indu1709/sep2023/downloads","issues_url":"https://api.github.com/repos/indu1709/sep2023/issues{/number}","pulls_url":"https://api.github.com/repos/indu1709/sep2023/pulls{/number}","milestones_url":"https://api.github.com/repos/indu1709/sep2023/milestones{/number}","notifications_url":"https://api.github.com/repos/indu1709/sep2023/notifications{?since,all,participating}","labels_url":"https://api.github.com/repos/indu1709/sep2023/labels{/name}","releases_url":"https://api.github.com/repos/indu1709/sep2023/releases{/id}","deployments_url":"https://api.github.com/repos/indu1709/sep2023/deployments","created_at":"2023-10-26T15:23:25Z","updated_at":"2023-10-26T15:23:26Z","pushed_at":"2023-10-26T15:23:26Z","git_url":"git://github.com/indu1709/sep2023.git","ssh_url":"git@github.com:indu1709/sep2023.git","clone_url":"https://github.com/indu1709/sep2023.git","svn_url":"https://github.com/indu1709/sep2023","homepage":null,"size":0,"stargazers_count":0,"watchers_count":0,"language":null,"has_issues":true,"has_projects":true,"has_downloads":true,"has_wiki":true,"has_pages":false,"has_discussions":false,"forks_count":0,"mirror_url":null,"archived":false,"disabled":false,"open_issues_count":0,"license":null,"allow_forking":true,"is_template":false,"web_commit_signoff_required":false,"topics":[],"visibility":"public","forks":0,"open_issues":0,"watchers":0,"default_branch":"main"},{"id":710624021,"node_id":"R_kgDOKltDFQ","name":"sep2023a","full_name":"indu1709/sep2023a","private":false,"owner":{"login":"indu1709","id":149007941,"node_id":"U_kgDOCOGuRQ","avatar_url":"https://avatars.githubusercontent.com/u/149007941?v=4","gravatar_id":"","url":"https://api.github.com/users/indu1709","html_url":"https://github.com/indu1709","followers_url":"https://api.github.com/users/indu1709/followers","following_url":"https://api.github.com/users/indu1709/following{/other_user}","gists_url":"https://api.github.com/users/indu1709/gists{/gist_id}","starred_url":"https://api.github.com/users/indu1709/starred{/owner}{/repo}","subscriptions_url":"https://api.github.com/users/indu1709/subscriptions","organizations_url":"https://api.github.com/users/indu1709/orgs","repos_url":"https://api.github.com/users/indu1709/repos","events_url":"https://api.github.com/users/indu1709/events{/privacy}","received_events_url":"https://api.github.com/users/indu1709/received_events","type":"User","site_admin":false},"html_url":"https://github.com/indu1709/sep2023a","description":null,"fork":false,"url":"https://api.github.com/repos/indu1709/sep2023a","forks_url":"https://api.github.com/repos/indu1709/sep2023a/forks","keys_url":"https://api.github.com/repos/indu1709/sep2023a/keys{/key_id}","collaborators_url":"https://api.github.com/repos/indu1709/sep2023a/collaborators{/collaborator}","teams_url":"https://api.github.com/repos/indu1709/sep2023a/teams","hooks_url":"https://api.github.com/repos/indu1709/sep2023a/hooks","issue_events_url":"https://api.github.com/repos/indu1709/sep2023a/issues/events{/number}","events_url":"https://api.github.com/repos/indu1709/sep2023a/events","assignees_url":"https://api.github.com/repos/indu1709/sep2023a/assignees{/user}","branches_url":"https://api.github.com/repos/indu1709/sep2023a/branches{/branch}","tags_url":"https://api.github.com/repos/indu1709/sep2023a/tags","blobs_url":"https://api.github.com/repos/indu1709/sep2023a/git/blobs{/sha}","git_tags_url":"https://api.github.com/repos/indu1709/sep2023a/git/tags{/sha}","git_refs_url":"https://api.github.com/repos/indu1709/sep2023a/git/refs{/sha}","trees_url":"https://api.github.com/repos/indu1709/sep2023a/git/trees{/sha}","statuses_url":"https://api.github.com/repos/indu1709/sep2023a/statuses/{sha}","languages_url":"https://api.github.com/repos/indu1709/sep2023a/languages","stargazers_url":"https://api.github.com/repos/indu1709/sep2023a/stargazers","contributors_url":"https://api.github.com/repos/indu1709/sep2023a/contributors","subscribers_url":"https://api.github.com/repos/indu1709/sep2023a/subscribers","subscription_url":"https://api.github.com/repos/indu1709/sep2023a/subscription","commits_url":"https://api.github.com/repos/indu1709/sep2023a/commits{/sha}","git_commits_url":"https://api.github.com/repos/indu1709/sep2023a/git/commits{/sha}","comments_url":"https://api.github.com/repos/indu1709/sep2023a/comments{/number}","issue_comment_url":"https://api.github.com/repos/indu1709/sep2023a/issues/comments{/number}","contents_url":"https://api.github.com/repos/indu1709/sep2023a/contents/{+path}","compare_url":"https://api.github.com/repos/indu1709/sep2023a/compare/{base}...{head}","merges_url":"https://api.github.com/repos/indu1709/sep2023a/merges","archive_url":"https://api.github.com/repos/indu1709/sep2023a/{archive_format}{/ref}","downloads_url":"https://api.github.com/repos/indu1709/sep2023a/downloads","issues_url":"https://api.github.com/repos/indu1709/sep2023a/issues{/number}","pulls_url":"https://api.github.com/repos/indu1709/sep2023a/pulls{/number}","milestones_url":"https://api.github.com/repos/indu1709/sep2023a/milestones{/number}","notifications_url":"https://api.github.com/repos/indu1709/sep2023a/notifications{?since,all,participating}","labels_url":"https://api.github.com/repos/indu1709/sep2023a/labels{/name}","releases_url":"https://api.github.com/repos/indu1709/sep2023a/releases{/id}","deployments_url":"https://api.github.com/repos/indu1709/sep2023a/deployments","created_at":"2023-10-27T05:01:45Z","updated_at":"2023-10-27T14:36:05Z","pushed_at":"2023-10-28T18:49:14Z","git_url":"git://github.com/indu1709/sep2023a.git","ssh_url":"git@github.com:indu1709/sep2023a.git","clone_url":"https://github.com/indu1709/sep2023a.git","svn_url":"https://github.com/indu1709/sep2023a","homepage":null,"size":3,"stargazers_count":0,"watchers_count":0,"language":"Java","has_issues":true,"has_projects":true,"has_downloads":true,"has_wiki":true,"has_pages":false,"has_discussions":false,"forks_count":0,"mirror_url":null,"archived":false,"disabled":false,"open_issues_count":0,"license":null,"allow_forking":true,"is_template":false,"web_commit_signoff_required":false,"topics":[],"visibility":"public","forks":0,"open_issues":0,"watchers":0,"default_branch":"main"},{"id":711713148,"node_id":"R_kgDOKmvhfA","name":"sep2023SeleniumSalesforceAutomationNG","full_name":"indu1709/sep2023SeleniumSalesforceAutomationNG","private":false,"owner":{"login":"indu1709","id":149007941,"node_id":"U_kgDOCOGuRQ","avatar_url":"https://avatars.githubusercontent.com/u/149007941?v=4","gravatar_id":"","url":"https://api.github.com/users/indu1709","html_url":"https://github.com/indu1709","followers_url":"https://api.github.com/users/indu1709/followers","following_url":"https://api.github.com/users/indu1709/following{/other_user}","gists_url":"https://api.github.com/users/indu1709/gists{/gist_id}","starred_url":"https://api.github.com/users/indu1709/starred{/owner}{/repo}","subscriptions_url":"https://api.github.com/users/indu1709/subscriptions","organizations_url":"https://api.github.com/users/indu1709/orgs","repos_url":"https://api.github.com/users/indu1709/repos","events_url":"https://api.github.com/users/indu1709/events{/privacy}","received_events_url":"https://api.github.com/users/indu1709/received_events","type":"User","site_admin":false},"html_url":"https://github.com/indu1709/sep2023SeleniumSalesforceAutomationNG","description":null,"fork":false,"url":"https://api.github.com/repos/indu1709/sep2023SeleniumSalesforceAutomationNG","forks_url":"https://api.github.com/repos/indu1709/sep2023SeleniumSalesforceAutomationNG/forks","keys_url":"https://api.github.com/repos/indu1709/sep2023SeleniumSalesforceAutomationNG/keys{/key_id}","collaborators_url":"https://api.github.com/repos/indu1709/sep2023SeleniumSalesforceAutomationNG/collaborators{/collaborator}","teams_url":"https://api.github.com/repos/indu1709/sep2023SeleniumSalesforceAutomationNG/teams","hooks_url":"https://api.github.com/repos/indu1709/sep2023SeleniumSalesforceAutomationNG/hooks","issue_events_url":"https://api.github.com/repos/indu1709/sep2023SeleniumSalesforceAutomationNG/issues/events{/number}","events_url":"https://api.github.com/repos/indu1709/sep2023SeleniumSalesforceAutomationNG/events","assignees_url":"https://api.github.com/repos/indu1709/sep2023SeleniumSalesforceAutomationNG/assignees{/user}","branches_url":"https://api.github.com/repos/indu1709/sep2023SeleniumSalesforceAutomationNG/branches{/branch}","tags_url":"https://api.github.com/repos/indu1709/sep2023SeleniumSalesforceAutomationNG/tags","blobs_url":"https://api.github.com/repos/indu1709/sep2023SeleniumSalesforceAutomationNG/git/blobs{/sha}","git_tags_url":"https://api.github.com/repos/indu1709/sep2023SeleniumSalesforceAutomationNG/git/tags{/sha}","git_refs_url":"https://api.github.com/repos/indu1709/sep2023SeleniumSalesforceAutomationNG/git/refs{/sha}","trees_url":"https://api.github.com/repos/indu1709/sep2023SeleniumSalesforceAutomationNG/git/trees{/sha}","statuses_url":"https://api.github.com/repos/indu1709/sep2023SeleniumSalesforceAutomationNG/statuses/{sha}","languages_url":"https://api.github.com/repos/indu1709/sep2023SeleniumSalesforceAutomationNG/languages","stargazers_url":"https://api.github.com/repos/indu1709/sep2023SeleniumSalesforceAutomationNG/stargazers","contributors_url":"https://api.github.com/repos/indu1709/sep2023SeleniumSalesforceAutomationNG/contributors","subscribers_url":"https://api.github.com/repos/indu1709/sep2023SeleniumSalesforceAutomationNG/subscribers","subscription_url":"https://api.github.com/repos/indu1709/sep2023SeleniumSalesforceAutomationNG/subscription","commits_url":"https://api.github.com/repos/indu1709/sep2023SeleniumSalesforceAutomationNG/commits{/sha}","git_commits_url":"https://api.github.com/repos/indu1709/sep2023SeleniumSalesforceAutomationNG/git/commits{/sha}","comments_url":"https://api.github.com/repos/indu1709/sep2023SeleniumSalesforceAutomationNG/comments{/number}","issue_comment_url":"https://api.github.com/repos/indu1709/sep2023SeleniumSalesforceAutomationNG/issues/comments{/number}","contents_url":"https://api.github.com/repos/indu1709/sep2023SeleniumSalesforceAutomationNG/contents/{+path}","compare_url":"https://api.github.com/repos/indu1709/sep2023SeleniumSalesforceAutomationNG/compare/{base}...{head}","merges_url":"https://api.github.com/repos/indu1709/sep2023SeleniumSalesforceAutomationNG/merges","archive_url":"https://api.github.com/repos/indu1709/sep2023SeleniumSalesforceAutomationNG/{archive_format}{/ref}","downloads_url":"https://api.github.com/repos/indu1709/sep2023SeleniumSalesforceAutomationNG/downloads","issues_url":"https://api.github.com/repos/indu1709/sep2023SeleniumSalesforceAutomationNG/issues{/number}","pulls_url":"https://api.github.com/repos/indu1709/sep2023SeleniumSalesforceAutomationNG/pulls{/number}","milestones_url":"https://api.github.com/repos/indu1709/sep2023SeleniumSalesforceAutomationNG/milestones{/number}","notifications_url":"https://api.github.com/repos/indu1709/sep2023SeleniumSalesforceAutomationNG/notifications{?since,all,participating}","labels_url":"https://api.github.com/repos/indu1709/sep2023SeleniumSalesforceAutomationNG/labels{/name}","releases_url":"https://api.github.com/repos/indu1709/sep2023SeleniumSalesforceAutomationNG/releases{/id}","deployments_url":"https://api.github.com/repos/indu1709/sep2023SeleniumSalesforceAutomationNG/deployments","created_at":"2023-10-30T02:45:15Z","updated_at":"2023-10-30T03:16:50Z","pushed_at":"2023-10-30T03:16:46Z","git_url":"git://github.com/indu1709/sep2023SeleniumSalesforceAutomationNG.git","ssh_url":"git@github.com:indu1709/sep2023SeleniumSalesforceAutomationNG.git","clone_url":"https://github.com/indu1709/sep2023SeleniumSalesforceAutomationNG.git","svn_url":"https://github.com/indu1709/sep2023SeleniumSalesforceAutomationNG","homepage":null,"size":244,"stargazers_count":0,"watchers_count":0,"language":"Java","has_issues":true,"has_projects":true,"has_downloads":true,"has_wiki":true,"has_pages":false,"has_discussions":false,"forks_count":0,"mirror_url":null,"archived":false,"disabled":false,"open_issues_count":0,"license":null,"allow_forking":true,"is_template":false,"web_commit_signoff_required":false,"topics":[],"visibility":"public","forks":0,"open_issues":0,"watchers":0,"default_branch":"master"}]

at java.base/jdk.internal.reflect.NativeConstructorAccessorImpl.newInstance0(Native Method)
at java.base/jdk.internal.reflect.NativeConstructorAccessorImpl.newInstance(NativeConstructorAccessorImpl.java:77)
at java.base/jdk.internal.reflect.DelegatingConstructorAccessorImpl.newInstance(DelegatingConstructorAccessorImpl.java:45)
at java.base/java.lang.reflect.Constructor.newInstanceWithCaller(Constructor.java:499)
at java.base/java.lang.reflect.Constructor.newInstance(Constructor.java:480)
at org.codehaus.groovy.reflection.CachedConstructor.invoke(CachedConstructor.java:73)
at org.codehaus.groovy.runtime.callsite.ConstructorSite$ConstructorSiteNoUnwrapNoCoerce.callConstructor(ConstructorSite.java:108)
at org.codehaus.groovy.runtime.callsite.CallSiteArray.defaultCallConstructor(CallSiteArray.java:57)
at org.codehaus.groovy.runtime.callsite.AbstractCallSite.callConstructor(AbstractCallSite.java:263)
at org.codehaus.groovy.runtime.callsite.AbstractCallSite.callConstructor(AbstractCallSite.java:277)
at io.restassured.internal.ResponseSpecificationImpl$HamcrestAssertionClosure.validate(ResponseSpecificationImpl.groovy:512)
at io.restassured.internal.ResponseSpecificationImpl$HamcrestAssertionClosure$validate$1.call(Unknown Source)
at io.restassured.internal.ResponseSpecificationImpl.validateResponseIfRequired(ResponseSpecificationImpl.groovy:696)
at io.restassured.internal.ResponseSpecificationImpl.this$2$validateResponseIfRequired(ResponseSpecificationImpl.groovy)
at java.base/jdk.internal.reflect.NativeMethodAccessorImpl.invoke0(Native Method)
at java.base/jdk.internal.reflect.NativeMethodAccessorImpl.invoke(NativeMethodAccessorImpl.java:77)
at java.base/jdk.internal.reflect.DelegatingMethodAccessorImpl.invoke(DelegatingMethodAccessorImpl.java:43)
at java.base/java.lang.reflect.Method.invoke(Method.java:568)
at org.codehaus.groovy.runtime.callsite.PlainObjectMetaMethodSite.doInvoke(PlainObjectMetaMethodSite.java:43)
at org.codehaus.groovy.runtime.callsite.PogoMetaMethodSite$PogoCachedMethodSiteNoUnwrapNoCoerce.invoke(PogoMetaMethodSite.java:198)
at org.codehaus.groovy.runtime.callsite.PogoMetaMethodSite.callCurrent(PogoMetaMethodSite.java:62)
at org.codehaus.groovy.runtime.callsite.CallSiteArray.defaultCallCurrent(CallSiteArray.java:49)
at org.codehaus.groovy.runtime.callsite.AbstractCallSite.callCurrent(AbstractCallSite.java:171)
at org.codehaus.groovy.runtime.callsite.AbstractCallSite.callCurrent(AbstractCallSite.java:185)
at io.restassured.internal.ResponseSpecificationImpl.body(ResponseSpecificationImpl.groovy:107)
at io.restassured.internal.ValidatableResponseOptionsImpl.body(ValidatableResponseOptionsImpl.java:238)
at com.test.scripts.RepoValidationSchema.getAllReposSchema(RepoValidationSchema.java:46)
at java.base/jdk.internal.reflect.NativeMethodAccessorImpl.invoke0(Native Method)
at java.base/jdk.internal.reflect.NativeMethodAccessorImpl.invoke(NativeMethodAccessorImpl.java:77)
at java.base/jdk.internal.reflect.DelegatingMethodAccessorImpl.invoke(DelegatingMethodAccessorImpl.java:43)
at java.base/java.lang.reflect.Method.invoke(Method.java:568)
at org.testng.internal.invokers.MethodInvocationHelper.invokeMethod(MethodInvocationHelper.java:139)
at org.testng.internal.invokers.TestInvoker.invokeMethod(TestInvoker.java:664)
at org.testng.internal.invokers.TestInvoker.invokeTestMethod(TestInvoker.java:227)
at org.testng.internal.invokers.MethodRunner.runInSequence(MethodRunner.java:50)
at org.testng.internal.invokers.TestInvoker$MethodInvocationAgent.invoke(TestInvoker.java:957)
at org.testng.internal.invokers.TestInvoker.invokeTestMethods(TestInvoker.java:200)
at org.testng.internal.invokers.TestMethodWorker.invokeTestMethods(TestMethodWorker.java:148)
at org.testng.internal.invokers.TestMethodWorker.run(TestMethodWorker.java:128)
at java.base/java.util.ArrayList.forEach(ArrayList.java:1511)
at org.testng.TestRunner.privateRun(TestRunner.java:848)
at org.testng.TestRunner.run(TestRunner.java:621)
at org.testng.SuiteRunner.runTest(SuiteRunner.java:443)
at org.testng.SuiteRunner.runSequentially(SuiteRunner.java:437)
at org.testng.SuiteRunner.privateRun(SuiteRunner.java:397)
at org.testng.SuiteRunner.run(SuiteRunner.java:336)
at org.testng.SuiteRunnerWorker.runSuite(SuiteRunnerWorker.java:52)
at org.testng.SuiteRunnerWorker.run(SuiteRunnerWorker.java:95)
at org.testng.TestNG.runSuitesSequentially(TestNG.java:1280)
at org.testng.TestNG.runSuitesLocally(TestNG.java:1200)
at org.testng.TestNG.runSuites(TestNG.java:1114)
at org.testng.TestNG.run(TestNG.java:1082)
at org.testng.remote.AbstractRemoteTestNG.run(AbstractRemoteTestNG.java:115)
at org.testng.remote.RemoteTestNG.initAndRun(RemoteTestNG.java:251)
at org.testng.remote.RemoteTestNG.main(RemoteTestNG.java:77)
]]>
    </failure>
  </testcase> <!-- getAllReposSchema -->
</testsuite> <!-- com.test.scripts.RepoValidationSchema -->
